#
# There is insufficient memory for the Java Runtime Environment to continue.
# Native memory allocation (mmap) failed to map 266338304 bytes. Error detail: G1 virtual space
# Possible reasons:
#   The system is out of physical RAM or swap space
#   This process is running with CompressedOops enabled, and the Java Heap may be blocking the growth of the native heap
# Possible solutions:
#   Reduce memory load on the system
#   Increase physical memory or swap space
#   Check if swap backing store is full
#   Decrease Java heap size (-Xmx/-Xms)
#   Decrease number of Java threads
#   Decrease Java thread stack sizes (-Xss)
#   Set larger code cache with -XX:ReservedCodeCacheSize=
#   JVM is running with Zero Based Compressed Oops mode in which the Java heap is
#     placed in the first 32GB address space. The Java Heap base address is the
#     maximum limit for the native heap growth. Please use -XX:HeapBaseMinAddress
#     to set the Java Heap base and to place the Java Heap above 32GB virtual address.
# This output file may be truncated or incomplete.
#
#  Out of Memory Error (os_windows.cpp:3737), pid=135816, tid=190956
#
# JRE version:  (21.0.10+7) (build )
# Java VM: OpenJDK 64-Bit Server VM (21.0.10+7-LTS, mixed mode, sharing, tiered, compressed oops, compressed class ptrs, g1 gc, windows-amd64)
# No core dump will be written. Minidumps are not enabled by default on client versions of Windows
#

---------------  S U M M A R Y ------------

Command Line: 

Host: 12th Gen Intel(R) Core(TM) i7-12700H, 20 cores, 15G,  Windows 11 , 64 bit Build 26100 (10.0.26100.8246)
Time: Wed Apr 22 17:15:55 2026 elapsed time: 0.018726 seconds (0d 0h 0m 0s)

---------------  T H R E A D  ---------------

Current thread (0x00000174901d59c0):  JavaThread "Unknown thread" [_thread_in_vm, id=190956, stack(0x0000005821a00000,0x0000005821b00000) (1024K)]

Stack: [0x0000005821a00000,0x0000005821b00000]
Native frames: (J=compiled Java code, j=interpreted, Vv=VM code, C=native code)
V  [jvm.dll+0x6dfe69]  (no source info available)
V  [jvm.dll+0x8bfe4b]  (no source info available)
V  [jvm.dll+0x8c23da]  (no source info available)
V  [jvm.dll+0x8c2ab3]  (no source info available)
V  [jvm.dll+0x28a9e6]  (no source info available)
V  [jvm.dll+0x6df315]  (no source info available)
V  [jvm.dll+0x6d325a]  (no source info available)
V  [jvm.dll+0x367a0e]  (no source info available)
V  [jvm.dll+0x36f8db]  (no source info available)
V  [jvm.dll+0x3c13a9]  (no source info available)
V  [jvm.dll+0x3c164b]  (no source info available)
V  [jvm.dll+0x33b2c7]  (no source info available)
V  [jvm.dll+0x33be0b]  (no source info available)
V  [jvm.dll+0x88a37e]  (no source info available)
V  [jvm.dll+0x3ce301]  (no source info available)
V  [jvm.dll+0x87328c]  (no source info available)
V  [jvm.dll+0x461f31]  (no source info available)
V  [jvm.dll+0x463b71]  (no source info available)
C  [jli.dll+0x52f0]  (no source info available)
C  [ucrtbase.dll+0x37b0]  (no source info available)
C  [KERNEL32.DLL+0x2e8d7]  (no source info available)
C  [ntdll.dll+0x8c3fc]  (no source info available)


---------------  P R O C E S S  ---------------

Threads class SMR info:
_java_thread_list=0x00007ffc15377288, length=0, elements={
}

Java Threads: ( => current thread )
Total: 0

Other Threads:
  0x0000017492561580 WorkerThread "GC Thread#0"                     [id=65668, stack(0x0000005821b00000,0x0000005821c00000) (1024K)]
  0x0000017492573810 ConcurrentGCThread "G1 Main Marker"            [id=216060, stack(0x0000005821c00000,0x0000005821d00000) (1024K)]
  0x0000017492574320 WorkerThread "G1 Conc#0"                       [id=28208, stack(0x0000005821d00000,0x0000005821e00000) (1024K)]

[error occurred during error reporting (printing all threads), id 0xc0000005, EXCEPTION_ACCESS_VIOLATION (0xc0000005) at pc=0x00007ffc14a6dd87]
VM state: not at safepoint (not fully initialized)

VM Mutex/Monitor currently owned by a thread:  ([mutex/lock_event])
[0x00007ffc153eb9a0] Heap_lock - owner thread: 0x00000174901d59c0

Heap address: 0x0000000703e00000, size: 4034 MB, Compressed Oops mode: Zero based, Oop shift amount: 3

CDS archive(s) mapped at: [0x0000000000000000-0x0000000000000000-0x0000000000000000), size 0, SharedBaseAddress: 0x0000000800000000, ArchiveRelocationMode: 1.
Narrow klass base: 0x0000000000000000, Narrow klass shift: 0, Narrow klass range: 0x0

GC Precious Log:
 CardTable entry size: 512
 Card Set container configuration: InlinePtr #cards 4 size 8 Array Of Cards #cards 16 size 48 Howl #buckets 8 coarsen threshold 3686 Howl Bitmap #cards 512 size 80 coarsen threshold 460 Card regions per heap region 1 cards per card region 4096

Heap:
 garbage-first heap   total 0K, used 0K [0x0000000703e00000, 0x0000000800000000)
  region size 2048K, 0 young (0K), 0 survivors (0K)

[error occurred during error reporting (printing heap information), id 0xc0000005, EXCEPTION_ACCESS_VIOLATION (0xc0000005) at pc=0x00007ffc14e5ce29]
GC Heap History (0 events):
No events

Dll operation events (1 events):
Event: 0.010 Loaded shared library C:\Program Files\Java\jdkmicrosoft21\bin\java.dll

Deoptimization events (0 events):
No events

Classes loaded (0 events):
No events

Classes unloaded (0 events):
No events

Classes redefined (0 events):
No events

Internal exceptions (0 events):
No events

ZGC Phase Switch (0 events):
No events

VM Operations (0 events):
No events

Memory protections (0 events):
No events

Nmethod flushes (0 events):
No events

Events (0 events):
No events


Dynamic libraries:
0x00007ff7b5ec0000 - 0x00007ff7b5ece000 	C:\Program Files\Java\jdkmicrosoft21\bin\java.exe
0x00007ffcdd680000 - 0x00007ffcdd8e7000 	C:\WINDOWS\SYSTEM32\ntdll.dll
0x00007ffcdbaa0000 - 0x00007ffcdbb69000 	C:\WINDOWS\System32\KERNEL32.DLL
0x00007ffcda0a0000 - 0x00007ffcda494000 	C:\WINDOWS\System32\KERNELBASE.dll
0x00007ffcd9f50000 - 0x00007ffcda09b000 	C:\WINDOWS\System32\ucrtbase.dll
0x00007ffcc1b20000 - 0x00007ffcc1b38000 	C:\Program Files\Java\jdkmicrosoft21\bin\jli.dll
0x00007ffcbeef0000 - 0x00007ffcbef0e000 	C:\Program Files\Java\jdkmicrosoft21\bin\VCRUNTIME140.dll
0x00007ffcdc180000 - 0x00007ffcdc345000 	C:\WINDOWS\System32\USER32.dll
0x00007ffcda680000 - 0x00007ffcda6a7000 	C:\WINDOWS\System32\win32u.dll
0x00007ffcdb900000 - 0x00007ffcdb92b000 	C:\WINDOWS\System32\GDI32.dll
0x00007ffcb47e0000 - 0x00007ffcb4a73000 	C:\WINDOWS\WinSxS\amd64_microsoft.windows.common-controls_6595b64144ccf1df_6.0.26100.8115_none_3e075c82e3354f9c\COMCTL32.dll
0x00007ffcda550000 - 0x00007ffcda67b000 	C:\WINDOWS\System32\gdi32full.dll
0x00007ffcdb360000 - 0x00007ffcdb403000 	C:\WINDOWS\System32\msvcp_win.dll
0x00007ffcdbeb0000 - 0x00007ffcdbf59000 	C:\WINDOWS\System32\msvcrt.dll
0x00007ffcdb930000 - 0x00007ffcdb962000 	C:\WINDOWS\System32\IMM32.DLL
0x00007ffcd26d0000 - 0x00007ffcd26dc000 	C:\Program Files\Java\jdkmicrosoft21\bin\vcruntime140_1.dll
0x00007ffc99200000 - 0x00007ffc99289000 	C:\Program Files\Java\jdkmicrosoft21\bin\msvcp140.dll
0x00007ffc14720000 - 0x00007ffc154cd000 	C:\Program Files\Java\jdkmicrosoft21\bin\server\jvm.dll
0x00007ffcdb9e0000 - 0x00007ffcdba96000 	C:\WINDOWS\System32\ADVAPI32.dll
0x00007ffcdd590000 - 0x00007ffcdd637000 	C:\WINDOWS\System32\sechost.dll
0x00007ffcdb7e0000 - 0x00007ffcdb8f8000 	C:\WINDOWS\System32\RPCRT4.dll
0x00007ffcdb570000 - 0x00007ffcdb5f0000 	C:\WINDOWS\System32\WS2_32.dll
0x00007ffcd9db0000 - 0x00007ffcd9e0e000 	C:\WINDOWS\SYSTEM32\POWRPROF.dll
0x00007ffcd2120000 - 0x00007ffcd212b000 	C:\WINDOWS\SYSTEM32\VERSION.dll
0x00007ffccf4f0000 - 0x00007ffccf526000 	C:\WINDOWS\SYSTEM32\WINMM.dll
0x00007ffcd9d90000 - 0x00007ffcd9da4000 	C:\WINDOWS\SYSTEM32\UMPDC.dll
0x00007ffcd8c70000 - 0x00007ffcd8c8b000 	C:\WINDOWS\SYSTEM32\kernel.appcore.dll
0x00007ffcd26a0000 - 0x00007ffcd26aa000 	C:\Program Files\Java\jdkmicrosoft21\bin\jimage.dll
0x00007ffcd79d0000 - 0x00007ffcd7c12000 	C:\WINDOWS\SYSTEM32\DBGHELP.DLL
0x00007ffcdd120000 - 0x00007ffcdd4a2000 	C:\WINDOWS\System32\combase.dll
0x00007ffcdbdc0000 - 0x00007ffcdbe98000 	C:\WINDOWS\System32\OLEAUT32.dll
0x00007ffcb6b90000 - 0x00007ffcb6bcb000 	C:\WINDOWS\SYSTEM32\dbgcore.DLL
0x00007ffcda4a0000 - 0x00007ffcda545000 	C:\WINDOWS\System32\bcryptPrimitives.dll
0x00007ffcba680000 - 0x00007ffcba6a1000 	C:\Program Files\Java\jdkmicrosoft21\bin\java.dll

JVMTI agents: none

dbghelp: loaded successfully - version: 4.0.5 - missing functions: none
symbol engine: initialized successfully - sym options: 0x614 - pdb path: .;C:\Program Files\Java\jdkmicrosoft21\bin;C:\WINDOWS\SYSTEM32;C:\WINDOWS\WinSxS\amd64_microsoft.windows.common-controls_6595b64144ccf1df_6.0.26100.8115_none_3e075c82e3354f9c;C:\Program Files\Java\jdkmicrosoft21\bin\server

VM Arguments:
java_command: <unknown>
java_class_path (initial): <not set>
Launcher Type: SUN_STANDARD

[Global flags]
     intx CICompilerCount                          = 12                                        {product} {ergonomic}
     uint ConcGCThreads                            = 4                                         {product} {ergonomic}
     uint G1ConcRefinementThreads                  = 15                                        {product} {ergonomic}
   size_t G1HeapRegionSize                         = 2097152                                   {product} {ergonomic}
    uintx GCDrainStackTargetSize                   = 64                                        {product} {ergonomic}
   size_t InitialHeapSize                          = 266338304                                 {product} {ergonomic}
   size_t MarkStackSize                            = 4194304                                   {product} {ergonomic}
   size_t MaxHeapSize                              = 4229955584                                {product} {ergonomic}
   size_t MinHeapDeltaBytes                        = 2097152                                   {product} {ergonomic}
   size_t MinHeapSize                              = 8388608                                   {product} {ergonomic}
    uintx NonNMethodCodeHeapSize                   = 7602480                                {pd product} {ergonomic}
    uintx NonProfiledCodeHeapSize                  = 122027880                              {pd product} {ergonomic}
    uintx ProfiledCodeHeapSize                     = 122027880                              {pd product} {ergonomic}
    uintx ReservedCodeCacheSize                    = 251658240                              {pd product} {ergonomic}
     bool SegmentedCodeCache                       = true                                      {product} {ergonomic}
   size_t SoftMaxHeapSize                          = 4229955584                             {manageable} {ergonomic}
     bool UseCompressedOops                        = true                           {product lp64_product} {ergonomic}
     bool UseG1GC                                  = true                                      {product} {ergonomic}
     bool UseLargePagesIndividualAllocation        = false                                  {pd product} {ergonomic}

Logging:
Log output configuration:
 #0: stdout all=warning uptime,level,tags foldmultilines=false
 #1: stderr all=off uptime,level,tags foldmultilines=false

Release file:
<release file has not been read>
Environment Variables:
PATH=D:\Microsoft VS Code;C:\Program Files\Java\jdkmicrosoft21\bin;D:\Program Files\bin\;C:\Program Files\Python311\Scripts\;C:\Program Files\Python311\;C:\Program Files\Common Files\Oracle\Java\javapath;D:\Program Files\bin;C:\ProgramData\Oracle\Java\javapath;C:\Windows\system32;C:\Windows;C:\Windows\System32\Wbem;C:\Windows\System32\WindowsPowerShell\v1.0\;C:\Windows\System32\OpenSSH\;C:\WINDOWS\system32;C:\WINDOWS;C:\WINDOWS\System32\Wbem;C:\WINDOWS\System32\WindowsPowerShell\v1.0\;C:\WINDOWS\System32\OpenSSH\;D:\Program Files\Git\cmd;C:\Program Files\NVIDIA Corporation\NVIDIA app\NvDLISR;C:\Program Files\Tailscale\;C:\Program Files\dotnet\;C:\Program Files (x86)\NVIDIA Corporation\PhysX\Common;D:\Program Files\;C:\Users\color\Desktop\gmapiserver\lib\ffmpeg\bin;C:\Users\color\.local\bin;C:\Users\color\AppData\Local\Microsoft\WindowsApps;C:\ProgramData\color\GitHubDesktop\bin;D:\Microsoft VS Code\bin;D:\Program Files;C:\Users\color\.dotnet\tools;C:\Users\color\AppData\Roaming\npm
USERNAME=color
OS=Windows_NT
PROCESSOR_IDENTIFIER=Intel64 Family 6 Model 154 Stepping 3, GenuineIntel
TMP=C:\Users\color\AppData\Local\Temp
TEMP=C:\Users\color\AppData\Local\Temp




Periodic native trim disabled

---------------  S Y S T E M  ---------------

OS:
 Windows 11 , 64 bit Build 26100 (10.0.26100.8246)
OS uptime: 6 days 9:53 hours
Hyper-V role detected

CPU: total 20 (initial active 20) (10 cores per cpu, 2 threads per core) family 6 model 154 stepping 3 microcode 0x414, cx8, cmov, fxsr, ht, mmx, 3dnowpref, sse, sse2, sse3, ssse3, sse4.1, sse4.2, popcnt, lzcnt, tsc, tscinvbit, avx, avx2, aes, erms, clmul, bmi1, bmi2, adx, sha, fma, vzeroupper, clflush, clflushopt, clwb, hv, serialize, rdtscp, rdpid, fsrm, f16c, cet_ibt, cet_ss
Processor Information for processor 0
  Max Mhz: 2300, Current Mhz: 2300, Mhz Limit: 2300
Processor Information for processor 1
  Max Mhz: 2300, Current Mhz: 2300, Mhz Limit: 2300
Processor Information for processor 2
  Max Mhz: 2300, Current Mhz: 2300, Mhz Limit: 2300
Processor Information for processor 3
  Max Mhz: 2300, Current Mhz: 2300, Mhz Limit: 2300
Processor Information for processor 4
  Max Mhz: 2300, Current Mhz: 2300, Mhz Limit: 2300
Processor Information for processor 5
  Max Mhz: 2300, Current Mhz: 2300, Mhz Limit: 2300
Processor Information for processor 6
  Max Mhz: 2300, Current Mhz: 2300, Mhz Limit: 2300
Processor Information for processor 7
  Max Mhz: 2300, Current Mhz: 2300, Mhz Limit: 2300
Processor Information for processor 8
  Max Mhz: 2300, Current Mhz: 2300, Mhz Limit: 2300
Processor Information for processor 9
  Max Mhz: 2300, Current Mhz: 2300, Mhz Limit: 2300
Processor Information for processor 10
  Max Mhz: 2300, Current Mhz: 2300, Mhz Limit: 2300
Processor Information for processor 11
  Max Mhz: 2300, Current Mhz: 2300, Mhz Limit: 2300
Processor Information for processor 12
  Max Mhz: 2300, Current Mhz: 1700, Mhz Limit: 1679
Processor Information for processor 13
  Max Mhz: 2300, Current Mhz: 1700, Mhz Limit: 1679
Processor Information for processor 14
  Max Mhz: 2300, Current Mhz: 1700, Mhz Limit: 1679
Processor Information for processor 15
  Max Mhz: 2300, Current Mhz: 1700, Mhz Limit: 1679
Processor Information for processor 16
  Max Mhz: 2300, Current Mhz: 1700, Mhz Limit: 1679
Processor Information for processor 17
  Max Mhz: 2300, Current Mhz: 1700, Mhz Limit: 1679
Processor Information for processor 18
  Max Mhz: 2300, Current Mhz: 1700, Mhz Limit: 1679
Processor Information for processor 19
  Max Mhz: 2300, Current Mhz: 1700, Mhz Limit: 1679

Memory: 4k page, system-wide physical 16128M (1215M free)
TotalPageFile size 30728M (AvailPageFile size 175M)
current process WorkingSet (physical memory assigned to process): 13M, peak: 13M
current process commit charge ("private bytes"): 75M, peak: 329M

vm_info: OpenJDK 64-Bit Server VM (21.0.10+7-LTS) for windows-amd64 JRE (21.0.10+7-LTS), built on 2026-01-15T18:39:42Z by "MicrosoftCorporation" with MS VC++ 17.14 (VS2022)

END.
