#
# There is insufficient memory for the Java Runtime Environment to continue.
# Native memory allocation (malloc) failed to allocate 1048576 bytes. Error detail: AllocateHeap
# Possible reasons:
#   The system is out of physical RAM or swap space
#   This process is running with CompressedOops enabled, and the Java Heap may be blocking the growth of the native heap
# Possible solutions:
#   Reduce memory load on the system
#   Increase physical memory or swap space
#   Check if swap backing store is full
#   Decrease Java heap size (-Xmx/-Xms)
#   Decrease number of Java threads
#   Decrease Java thread stack sizes (-Xss)
#   Set larger code cache with -XX:ReservedCodeCacheSize=
#   JVM is running with Unscaled Compressed Oops mode in which the Java heap is
#     placed in the first 4GB address space. The Java Heap base address is the
#     maximum limit for the native heap growth. Please use -XX:HeapBaseMinAddress
#     to set the Java Heap base and to place the Java Heap above 4GB virtual address.
# This output file may be truncated or incomplete.
#
#  Out of Memory Error (allocation.cpp:44), pid=163212, tid=259024
#
# JRE version: OpenJDK Runtime Environment Temurin-21.0.10+7 (21.0.10+7) (build 21.0.10+7-LTS)
# Java VM: OpenJDK 64-Bit Server VM Temurin-21.0.10+7 (21.0.10+7-LTS, mixed mode, sharing, tiered, compressed oops, compressed class ptrs, parallel gc, windows-amd64)
# No core dump will be written. Minidumps are not enabled by default on client versions of Windows
#

---------------  S U M M A R Y ------------

Command Line: --add-modules=ALL-SYSTEM --add-opens=java.base/java.util=ALL-UNNAMED --add-opens=java.base/java.lang=ALL-UNNAMED --add-opens=java.base/sun.nio.fs=ALL-UNNAMED -Declipse.application=org.eclipse.jdt.ls.core.id1 -Dosgi.bundles.defaultStartLevel=4 -Declipse.product=org.eclipse.jdt.ls.core.product -Djava.import.generatesMetadataFilesAtProjectRoot=false -DDetectVMInstallationsJob.disabled=true -Dfile.encoding=utf8 -XX:+UseParallelGC -XX:GCTimeRatio=4 -XX:AdaptiveSizePolicyWeight=90 -Dsun.zip.disableMemoryMapping=true -Xmx2G -Xms100m -Xlog:disable -javaagent:c:\Users\color\.vscode\extensions\redhat.java-1.54.0-win32-x64\lombok\lombok-1.18.39-4050.jar -XX:+HeapDumpOnOutOfMemoryError -XX:HeapDumpPath=c:\Users\color\AppData\Roaming\Code\User\workspaceStorage\f60360c5f82e62ff286b7a6290adeb63\redhat.java -Daether.dependencyCollector.impl=bf c:\Users\color\.vscode\extensions\redhat.java-1.54.0-win32-x64\server\plugins\org.eclipse.equinox.launcher_1.7.100.v20251111-0406.jar -configuration c:\Users\color\AppData\Roaming\Code\User\globalStorage\redhat.java\1.54.0\config_win -data c:\Users\color\AppData\Roaming\Code\User\workspaceStorage\f60360c5f82e62ff286b7a6290adeb63\redhat.java\jdt_ws --pipe=\\.\pipe\lsp-d0ae2153d87ddce09e3e7247a31b398d-sock

Host: 12th Gen Intel(R) Core(TM) i7-12700H, 20 cores, 15G,  Windows 11 , 64 bit Build 26100 (10.0.26100.8246)
Time: Wed Apr 22 17:30:33 2026 elapsed time: 1052.771218 seconds (0d 0h 17m 32s)

---------------  T H R E A D  ---------------

Current thread (0x0000019373c88110):  JavaThread "Attach Listener" daemon [_thread_in_vm, id=259024, stack(0x0000004e4fe00000,0x0000004e4ff00000) (1024K)]

Stack: [0x0000004e4fe00000,0x0000004e4ff00000]
Native frames: (J=compiled Java code, j=interpreted, Vv=VM code, C=native code)
V  [jvm.dll+0x6d7a39]
V  [jvm.dll+0x8b4b26]
V  [jvm.dll+0x8b70de]
V  [jvm.dll+0x8b77c3]
V  [jvm.dll+0x284346]
V  [jvm.dll+0xc1277]
V  [jvm.dll+0x6d82e9]
V  [jvm.dll+0x1334a6]
V  [jvm.dll+0x3f857e]
V  [jvm.dll+0x85f59d]
V  [jvm.dll+0x6d626d]
C  [ucrtbase.dll+0x37b0]
C  [KERNEL32.DLL+0x2e8d7]
C  [ntdll.dll+0x8c3fc]


---------------  P R O C E S S  ---------------

Threads class SMR info:
_java_thread_list=0x000001937d2346a0, length=65, elements={
0x000001931ae4e3a0, 0x0000019373c7e8c0, 0x0000019373c7f6e0, 0x0000019373c87450,
0x0000019373c88110, 0x000001931aef3fc0, 0x000001931aefbd50, 0x0000019373caa5d0,
0x000001931af01fc0, 0x0000019373f49180, 0x000001937a082f10, 0x000001937a864d30,
0x000001937ad34150, 0x000001937a68b380, 0x000001937ae20240, 0x000001937b2b2860,
0x000001937afc0d10, 0x000001937b39bf30, 0x000001937ac53440, 0x000001937ac53ad0,
0x000001937ac547f0, 0x000001937ac54160, 0x000001937a763e20, 0x000001937a7644b0,
0x000001937a7616c0, 0x000001937a763100, 0x000001937a761d50, 0x000001937a761030,
0x000001937a7623e0, 0x000001937a762a70, 0x000001937a763790, 0x000001937beec520,
0x000001937beecbb0, 0x000001937beeb800, 0x000001937beeaae0, 0x000001937beee5f0,
0x000001937beebe90, 0x000001937beed240, 0x000001937beed8d0, 0x000001937beedf60,
0x000001937beeb170, 0x000001937bef1a70, 0x000001937beef310, 0x000001937beeec80,
0x000001937bef0d50, 0x000001937bef13e0, 0x000001937dab2830, 0x000001937dab2ec0,
0x000001937dab3550, 0x000001937dab3be0, 0x000001937dab5620, 0x000001937dab21a0,
0x000001937dab4270, 0x000001937dab6340, 0x000001937dab0760, 0x000001937f455fc0,
0x000001937f456ce0, 0x000001937f457370, 0x000001937f459440, 0x000001937f456650,
0x000001937f458720, 0x000001937f457a00, 0x000001937f458090, 0x000001937f458db0,
0x000001937dab7060
}

Java Threads: ( => current thread )
  0x000001931ae4e3a0 JavaThread "main"                              [_thread_blocked, id=32896, stack(0x0000004e4f700000,0x0000004e4f800000) (1024K)]
  0x0000019373c7e8c0 JavaThread "Reference Handler"          daemon [_thread_blocked, id=32672, stack(0x0000004e4fb00000,0x0000004e4fc00000) (1024K)]
  0x0000019373c7f6e0 JavaThread "Finalizer"                  daemon [_thread_blocked, id=31944, stack(0x0000004e4fc00000,0x0000004e4fd00000) (1024K)]
  0x0000019373c87450 JavaThread "Signal Dispatcher"          daemon [_thread_blocked, id=64368, stack(0x0000004e4fd00000,0x0000004e4fe00000) (1024K)]
=>0x0000019373c88110 JavaThread "Attach Listener"            daemon [_thread_in_vm, id=259024, stack(0x0000004e4fe00000,0x0000004e4ff00000) (1024K)]
  0x000001931aef3fc0 JavaThread "Service Thread"             daemon [_thread_blocked, id=239832, stack(0x0000004e4ff00000,0x0000004e50000000) (1024K)]
  0x000001931aefbd50 JavaThread "Monitor Deflation Thread"   daemon [_thread_blocked, id=209524, stack(0x0000004e50000000,0x0000004e50100000) (1024K)]
  0x0000019373caa5d0 JavaThread "C2 CompilerThread0"         daemon [_thread_blocked, id=46564, stack(0x0000004e50100000,0x0000004e50200000) (1024K)]
  0x000001931af01fc0 JavaThread "C1 CompilerThread0"         daemon [_thread_blocked, id=83612, stack(0x0000004e50200000,0x0000004e50300000) (1024K)]
  0x0000019373f49180 JavaThread "Common-Cleaner"             daemon [_thread_blocked, id=99160, stack(0x0000004e50800000,0x0000004e50900000) (1024K)]
  0x000001937a082f10 JavaThread "Notification Thread"        daemon [_thread_blocked, id=39144, stack(0x0000004e50900000,0x0000004e50a00000) (1024K)]
  0x000001937a864d30 JavaThread "Active Thread: Equinox Container: ee39b1f7-d61b-4e51-8b8e-442f351ac1f3"        [_thread_blocked, id=67076, stack(0x0000004e51200000,0x0000004e51300000) (1024K)]
  0x000001937ad34150 JavaThread "Refresh Thread: Equinox Container: ee39b1f7-d61b-4e51-8b8e-442f351ac1f3" daemon [_thread_blocked, id=75924, stack(0x0000004e51400000,0x0000004e51500000) (1024K)]
  0x000001937a68b380 JavaThread "Framework Event Dispatcher: Equinox Container: ee39b1f7-d61b-4e51-8b8e-442f351ac1f3" daemon [_thread_blocked, id=219360, stack(0x0000004e51500000,0x0000004e51600000) (1024K)]
  0x000001937ae20240 JavaThread "Start Level: Equinox Container: ee39b1f7-d61b-4e51-8b8e-442f351ac1f3" daemon [_thread_blocked, id=79156, stack(0x0000004e51600000,0x0000004e51700000) (1024K)]
  0x000001937b2b2860 JavaThread "Bundle File Closer"         daemon [_thread_blocked, id=196144, stack(0x0000004e51a00000,0x0000004e51b00000) (1024K)]
  0x000001937afc0d10 JavaThread "SCR Component Actor"        daemon [_thread_blocked, id=64944, stack(0x0000004e50500000,0x0000004e50600000) (1024K)]
  0x000001937b39bf30 JavaThread "Worker-JM"                         [_thread_blocked, id=238336, stack(0x0000004e51c00000,0x0000004e51d00000) (1024K)]
  0x000001937ac53440 JavaThread "Worker-1: Updating project configurations"        [_thread_blocked, id=127008, stack(0x0000004e52000000,0x0000004e52100000) (1024K)]
  0x000001937ac53ad0 JavaThread "Java indexing"              daemon [_thread_blocked, id=107824, stack(0x0000004e51100000,0x0000004e51200000) (1024K)]
  0x000001937ac547f0 JavaThread "JNA Cleaner"                daemon [_thread_blocked, id=168512, stack(0x0000004e52300000,0x0000004e52400000) (1024K)]
  0x000001937ac54160 JavaThread "Worker-2"                          [_thread_blocked, id=164036, stack(0x0000004e52700000,0x0000004e52800000) (1024K)]
  0x000001937a763e20 JavaThread "Thread-1"                   daemon [_thread_in_native, id=165764, stack(0x0000004e52c00000,0x0000004e52d00000) (1024K)]
  0x000001937a7644b0 JavaThread "Thread-2"                   daemon [_thread_in_native, id=260004, stack(0x0000004e52d00000,0x0000004e52e00000) (1024K)]
  0x000001937a7616c0 JavaThread "Thread-3"                   daemon [_thread_in_native, id=76780, stack(0x0000004e52e00000,0x0000004e52f00000) (1024K)]
  0x000001937a763100 JavaThread "Thread-4"                   daemon [_thread_in_native, id=200480, stack(0x0000004e52f00000,0x0000004e53000000) (1024K)]
  0x000001937a761d50 JavaThread "Thread-5"                   daemon [_thread_in_native, id=58920, stack(0x0000004e53000000,0x0000004e53100000) (1024K)]
  0x000001937a761030 JavaThread "Thread-6"                   daemon [_thread_in_native, id=91576, stack(0x0000004e53100000,0x0000004e53200000) (1024K)]
  0x000001937a7623e0 JavaThread "Thread-7"                   daemon [_thread_in_native, id=149220, stack(0x0000004e53200000,0x0000004e53300000) (1024K)]
  0x000001937a762a70 JavaThread "Thread-8"                   daemon [_thread_in_native, id=215832, stack(0x0000004e53300000,0x0000004e53400000) (1024K)]
  0x000001937a763790 JavaThread "Thread-9"                   daemon [_thread_in_native, id=213784, stack(0x0000004e53400000,0x0000004e53500000) (1024K)]
  0x000001937beec520 JavaThread "Thread-10"                  daemon [_thread_in_native, id=54276, stack(0x0000004e53500000,0x0000004e53600000) (1024K)]
  0x000001937beecbb0 JavaThread "Thread-11"                  daemon [_thread_in_native, id=151288, stack(0x0000004e53600000,0x0000004e53700000) (1024K)]
  0x000001937beeb800 JavaThread "Thread-12"                  daemon [_thread_in_native, id=202584, stack(0x0000004e53700000,0x0000004e53800000) (1024K)]
  0x000001937beeaae0 JavaThread "Thread-13"                  daemon [_thread_in_native, id=117392, stack(0x0000004e53800000,0x0000004e53900000) (1024K)]
  0x000001937beee5f0 JavaThread "Thread-14"                  daemon [_thread_in_native, id=187756, stack(0x0000004e53900000,0x0000004e53a00000) (1024K)]
  0x000001937beebe90 JavaThread "Thread-15"                  daemon [_thread_in_native, id=42672, stack(0x0000004e53a00000,0x0000004e53b00000) (1024K)]
  0x000001937beed240 JavaThread "Thread-16"                  daemon [_thread_in_native, id=143304, stack(0x0000004e53b00000,0x0000004e53c00000) (1024K)]
  0x000001937beed8d0 JavaThread "Thread-17"                  daemon [_thread_in_native, id=182216, stack(0x0000004e53c00000,0x0000004e53d00000) (1024K)]
  0x000001937beedf60 JavaThread "Thread-18"                  daemon [_thread_in_native, id=27408, stack(0x0000004e53d00000,0x0000004e53e00000) (1024K)]
  0x000001937beeb170 JavaThread "Thread-19"                  daemon [_thread_in_native, id=25512, stack(0x0000004e53e00000,0x0000004e53f00000) (1024K)]
  0x000001937bef1a70 JavaThread "Thread-20"                  daemon [_thread_in_native, id=203976, stack(0x0000004e53f00000,0x0000004e54000000) (1024K)]
  0x000001937beef310 JavaThread "Thread-21"                  daemon [_thread_in_native, id=178236, stack(0x0000004e54000000,0x0000004e54100000) (1024K)]
  0x000001937beeec80 JavaThread "pool-2-thread-1"                   [_thread_blocked, id=44148, stack(0x0000004e54100000,0x0000004e54200000) (1024K)]
  0x000001937bef0d50 JavaThread "WorkspaceEventsHandler"            [_thread_blocked, id=117620, stack(0x0000004e54600000,0x0000004e54700000) (1024K)]
  0x000001937bef13e0 JavaThread "pool-1-thread-1"                   [_thread_blocked, id=262456, stack(0x0000004e54700000,0x0000004e54800000) (1024K)]
  0x000001937dab2830 JavaThread "Timer-0"                           [_thread_blocked, id=6664, stack(0x0000004e54900000,0x0000004e54a00000) (1024K)]
  0x000001937dab2ec0 JavaThread "Timer-1"                           [_thread_blocked, id=114924, stack(0x0000004e50a00000,0x0000004e50b00000) (1024K)]
  0x000001937dab3550 JavaThread "Timer-2"                           [_thread_blocked, id=152248, stack(0x0000004e52200000,0x0000004e52300000) (1024K)]
  0x000001937dab3be0 JavaThread "Timer-3"                           [_thread_blocked, id=159496, stack(0x0000004e50300000,0x0000004e50400000) (1024K)]
  0x000001937dab5620 JavaThread "Timer-4"                           [_thread_blocked, id=258752, stack(0x0000004e52900000,0x0000004e52a00000) (1024K)]
  0x000001937dab21a0 JavaThread "Timer-5"                           [_thread_blocked, id=245560, stack(0x0000004e50400000,0x0000004e50500000) (1024K)]
  0x000001937dab4270 JavaThread "Timer-6"                           [_thread_blocked, id=78368, stack(0x0000004e52400000,0x0000004e52500000) (1024K)]
  0x000001937dab6340 JavaThread "ForkJoinPool.commonPool-worker-2" daemon [_thread_blocked, id=165208, stack(0x0000004e50700000,0x0000004e50800000) (1024K)]
  0x000001937dab0760 JavaThread "Timer-7"                           [_thread_blocked, id=100268, stack(0x0000004e4f400000,0x0000004e4f500000) (1024K)]
  0x000001937f455fc0 JavaThread "Exec process Thread 4"             [_thread_blocked, id=170220, stack(0x0000004e51f00000,0x0000004e52000000) (1024K)]
  0x000001937f456ce0 JavaThread "Exec process Thread 5"             [_thread_blocked, id=205312, stack(0x0000004e52500000,0x0000004e52600000) (1024K)]
  0x000001937f457370 JavaThread "Exec process Thread 6"             [_thread_blocked, id=28636, stack(0x0000004e52600000,0x0000004e52700000) (1024K)]
  0x000001937f459440 JavaThread "Worker-7"                          [_thread_blocked, id=83572, stack(0x0000004e52a00000,0x0000004e52b00000) (1024K)]
  0x000001937f456650 JavaThread "Timer-8"                           [_thread_blocked, id=88056, stack(0x0000004e4f600000,0x0000004e4f700000) (1024K)]
  0x000001937f458720 JavaThread "Timer-9"                           [_thread_blocked, id=183372, stack(0x0000004e54200000,0x0000004e54300000) (1024K)]
  0x000001937f457a00 JavaThread "Timer-10"                          [_thread_blocked, id=169936, stack(0x0000004e54300000,0x0000004e54400000) (1024K)]
  0x000001937f458090 JavaThread "Timer-11"                          [_thread_blocked, id=103268, stack(0x0000004e54400000,0x0000004e54500000) (1024K)]
  0x000001937f458db0 JavaThread "Connection worker"                 [_thread_in_native, id=206452, stack(0x0000004e54500000,0x0000004e54600000) (1024K)]
  0x000001937dab7060 JavaThread "pool-6-thread-1"                   [_thread_blocked, id=68048, stack(0x0000004e54800000,0x0000004e54900000) (1024K)]
Total: 65

Other Threads:
  0x000001931ade4030 VMThread "VM Thread"                           [id=60020, stack(0x0000004e4fa00000,0x0000004e4fb00000) (1024K)]
  0x000001931acdca10 WatcherThread "VM Periodic Task Thread"        [id=42016, stack(0x0000004e4f900000,0x0000004e4fa00000) (1024K)]
  0x000001931ae6d890 WorkerThread "GC Thread#0"                     [id=95824, stack(0x0000004e4f800000,0x0000004e4f900000) (1024K)]
  0x000001937abb9330 WorkerThread "GC Thread#1"                     [id=48560, stack(0x0000004e50b00000,0x0000004e50c00000) (1024K)]
  0x000001937abb96e0 WorkerThread "GC Thread#2"                     [id=249660, stack(0x0000004e50c00000,0x0000004e50d00000) (1024K)]
  0x000001937abb9a90 WorkerThread "GC Thread#3"                     [id=21800, stack(0x0000004e50d00000,0x0000004e50e00000) (1024K)]
  0x000001937a3622b0 WorkerThread "GC Thread#4"                     [id=151984, stack(0x0000004e50e00000,0x0000004e50f00000) (1024K)]
  0x000001937a362660 WorkerThread "GC Thread#5"                     [id=131884, stack(0x0000004e50f00000,0x0000004e51000000) (1024K)]
  0x000001937a69b070 WorkerThread "GC Thread#6"                     [id=155004, stack(0x0000004e51000000,0x0000004e51100000) (1024K)]
  0x000001937aced7a0 WorkerThread "GC Thread#7"                     [id=34412, stack(0x0000004e51300000,0x0000004e51400000) (1024K)]
  0x000001937aec4330 WorkerThread "GC Thread#8"                     [id=201444, stack(0x0000004e51700000,0x0000004e51800000) (1024K)]
  0x000001937aa02a70 WorkerThread "GC Thread#9"                     [id=76824, stack(0x0000004e51800000,0x0000004e51900000) (1024K)]
  0x000001937b147f80 WorkerThread "GC Thread#10"                    [id=229568, stack(0x0000004e51900000,0x0000004e51a00000) (1024K)]
  0x000001937b0d0250 WorkerThread "GC Thread#11"                    [id=89540, stack(0x0000004e51b00000,0x0000004e51c00000) (1024K)]
  0x000001937b0d0600 WorkerThread "GC Thread#12"                    [id=226040, stack(0x0000004e51d00000,0x0000004e51e00000) (1024K)]
  0x000001937aeae360 WorkerThread "GC Thread#13"                    [id=224732, stack(0x0000004e51e00000,0x0000004e51f00000) (1024K)]
  0x000001937aeae710 WorkerThread "GC Thread#14"                    [id=63764, stack(0x0000004e52100000,0x0000004e52200000) (1024K)]
Total: 17

Threads with active compile tasks:
Total: 0

VM state: not at safepoint (normal execution)

VM Mutex/Monitor currently owned by a thread: None

Heap address: 0x0000000080000000, size: 2048 MB, Compressed Oops mode: 32-bit

CDS archive(s) mapped at: [0x0000019332000000-0x0000019332ba0000-0x0000019332ba0000), size 12189696, SharedBaseAddress: 0x0000019332000000, ArchiveRelocationMode: 1.
Compressed class space mapped at: 0x0000019333000000-0x0000019373000000, reserved size: 1073741824
Narrow klass base: 0x0000019332000000, Narrow klass shift: 0, Narrow klass range: 0x100000000

GC Precious Log:
 CardTable entry size: 512
 CPUs: 20 total, 20 available
 Memory: 16128M
 Large Page Support: Disabled
 NUMA Support: Disabled
 Compressed Oops: Enabled (32-bit)
 Alignments: Space 512K, Generation 512K, Heap 2M
 Heap Min Capacity: 100M
 Heap Initial Capacity: 100M
 Heap Max Capacity: 2G
 Pre-touch: Disabled
 Parallel Workers: 15

Heap:
 PSYoungGen      total 17408K, used 11874K [0x00000000d5580000, 0x00000000d6900000, 0x0000000100000000)
  eden space 16896K, 67% used [0x00000000d5580000,0x00000000d6098b40,0x00000000d6600000)
  from space 512K, 100% used [0x00000000d6780000,0x00000000d6800000,0x00000000d6800000)
  to   space 1536K, 0% used [0x00000000d6600000,0x00000000d6600000,0x00000000d6780000)
 ParOldGen       total 68608K, used 50813K [0x0000000080000000, 0x0000000084300000, 0x00000000d5580000)
  object space 68608K, 74% used [0x0000000080000000,0x000000008319f780,0x0000000084300000)
 Metaspace       used 76127K, committed 77760K, reserved 1179648K
  class space    used 9396K, committed 10176K, reserved 1048576K

Card table byte_map: [0x000001931a7f0000,0x000001931ac00000] _byte_map_base: 0x000001931a3f0000

Marking Bits: (ParMarkBitMap*) 0x00007ffb92e33450
 Begin Bits: [0x000001932d300000, 0x000001932f300000)
 End Bits:   [0x000001932f300000, 0x0000019331300000)

Polling page: 0x0000019318aa0000

Metaspace:

Usage:
  Non-class:     65.17 MB used.
      Class:      9.18 MB used.
       Both:     74.34 MB used.

Virtual space:
  Non-class space:      128.00 MB reserved,      66.00 MB ( 52%) committed,  2 nodes.
      Class space:        1.00 GB reserved,       9.94 MB ( <1%) committed,  1 nodes.
             Both:        1.12 GB reserved,      75.94 MB (  7%) committed. 

Chunk freelists:
   Non-Class:  13.52 MB
       Class:  6.06 MB
        Both:  19.57 MB

MaxMetaspaceSize: unlimited
CompressedClassSpaceSize: 1.00 GB
Initial GC threshold: 21.00 MB
Current GC threshold: 97.31 MB
CDS: on
 - commit_granule_bytes: 65536.
 - commit_granule_words: 8192.
 - virtual_space_node_default_size: 8388608.
 - enlarge_chunks_in_place: 1.
 - use_allocation_guard: 0.


Internal statistics:

num_allocs_failed_limit: 9.
num_arena_births: 1422.
num_arena_deaths: 20.
num_vsnodes_births: 3.
num_vsnodes_deaths: 0.
num_space_committed: 1214.
num_space_uncommitted: 0.
num_chunks_returned_to_freelist: 31.
num_chunks_taken_from_freelist: 4721.
num_chunk_merges: 13.
num_chunk_splits: 2964.
num_chunks_enlarged: 1767.
num_inconsistent_stats: 0.

CodeHeap 'non-profiled nmethods': size=119168Kb used=8423Kb max_used=8423Kb free=110744Kb
 bounds [0x0000019325bf0000, 0x0000019326430000, 0x000001932d050000]
CodeHeap 'profiled nmethods': size=119104Kb used=21779Kb max_used=21779Kb free=97324Kb
 bounds [0x000001931e050000, 0x000001931f5a0000, 0x00000193254a0000]
CodeHeap 'non-nmethods': size=7488Kb used=1449Kb max_used=3163Kb free=6038Kb
 bounds [0x00000193254a0000, 0x00000193257c0000, 0x0000019325bf0000]
CodeCache: size=245760Kb, used=31651Kb, max_used=33365Kb, free=214106Kb
 total_blobs=11137, nmethods=10375, adapters=668, full_count=0
Compilation: enabled, stopped_count=0, restarted_count=0

Compilation events (20 events):
Event: 1027.715 Thread 0x0000019373caa5d0 11174       4       org.eclipse.buildship.core.internal.util.progress.RateLimitingProgressMonitor$1::run (55 bytes)
Event: 1027.720 Thread 0x0000019373caa5d0 nmethod 11174 0x0000019326429190 code [0x0000019326429360, 0x0000019326429580]
Event: 1028.255 Thread 0x000001931af01fc0 11175       3       org.gradle.internal.logging.text.StreamingStyledTextOutput::doAppend (11 bytes)
Event: 1028.256 Thread 0x000001931af01fc0 nmethod 11175 0x000001931f590310 code [0x000001931f5904c0, 0x000001931f590698]
Event: 1028.256 Thread 0x000001931af01fc0 11176   !   3       org.gradle.internal.logging.text.StreamBackedStandardOutputListener::onOutput (30 bytes)
Event: 1028.256 Thread 0x000001931af01fc0 nmethod 11176 0x000001931f590790 code [0x000001931f590960, 0x000001931f590c68]
Event: 1028.256 Thread 0x000001931af01fc0 11177       3       java.io.OutputStreamWriter::append (6 bytes)
Event: 1028.257 Thread 0x000001931af01fc0 nmethod 11177 0x000001931f590e10 code [0x000001931f591020, 0x000001931f591858]
Event: 1028.257 Thread 0x000001931af01fc0 11178       3       java.io.OutputStreamWriter::append (34 bytes)
Event: 1028.258 Thread 0x000001931af01fc0 nmethod 11178 0x000001931f591b10 code [0x000001931f591d20, 0x000001931f592470]
Event: 1036.588 Thread 0x000001931af01fc0 11179       3       org.gradle.internal.logging.events.RenderableOutputEvent::<init> (15 bytes)
Event: 1036.589 Thread 0x000001931af01fc0 nmethod 11179 0x000001931f592710 code [0x000001931f5928c0, 0x000001931f592b28]
Event: 1043.155 Thread 0x0000019373caa5d0 11180       4       java.util.concurrent.TimeUnit::convert (73 bytes)
Event: 1043.156 Thread 0x0000019373caa5d0 nmethod 11180 0x0000019326429790 code [0x0000019326429940, 0x0000019326429ad0]
Event: 1045.055 Thread 0x0000019373caa5d0 11181       4       java.util.concurrent.locks.AbstractQueuedSynchronizer$ConditionObject::canReacquire (38 bytes)
Event: 1045.056 Thread 0x0000019373caa5d0 nmethod 11181 0x0000019326429c10 code [0x0000019326429da0, 0x0000019326429e80]
Event: 1046.554 Thread 0x000001931af01fc0 11182       3       org.gradle.internal.logging.sink.GroupingProgressLogEventGenerator$OperationGroup::shouldForward (42 bytes)
Event: 1046.555 Thread 0x000001931af01fc0 nmethod 11182 0x000001931f592c90 code [0x000001931f592e80, 0x000001931f593380]
Event: 1046.655 Thread 0x000001931af01fc0 11183       3       org.gradle.internal.logging.sink.GroupingProgressLogEventGenerator$OperationGroup::flushOutput (202 bytes)
Event: 1046.656 Thread 0x000001931af01fc0 nmethod 11183 0x000001931f593510 code [0x000001931f593800, 0x000001931f594710]

GC Heap History (20 events):
Event: 197.880 GC heap before
{Heap before GC invocations=74 (full 3):
 PSYoungGen      total 18432K, used 18431K [0x00000000d5580000, 0x00000000d6900000, 0x0000000100000000)
  eden space 17920K, 99% used [0x00000000d5580000,0x00000000d66fffb0,0x00000000d6700000)
  from space 512K, 100% used [0x00000000d6800000,0x00000000d6880000,0x00000000d6880000)
  to   space 1024K, 0% used [0x00000000d6700000,0x00000000d6700000,0x00000000d6800000)
 ParOldGen       total 68608K, used 47064K [0x0000000080000000, 0x0000000084300000, 0x00000000d5580000)
  object space 68608K, 68% used [0x0000000080000000,0x0000000082df6230,0x0000000084300000)
 Metaspace       used 71386K, committed 72768K, reserved 1114112K
  class space    used 8934K, committed 9536K, reserved 1048576K
}
Event: 197.882 GC heap after
{Heap after GC invocations=74 (full 3):
 PSYoungGen      total 18944K, used 808K [0x00000000d5580000, 0x00000000d6900000, 0x0000000100000000)
  eden space 17920K, 0% used [0x00000000d5580000,0x00000000d5580000,0x00000000d6700000)
  from space 1024K, 78% used [0x00000000d6700000,0x00000000d67ca1d0,0x00000000d6800000)
  to   space 1024K, 0% used [0x00000000d6800000,0x00000000d6800000,0x00000000d6900000)
 ParOldGen       total 68608K, used 47569K [0x0000000080000000, 0x0000000084300000, 0x00000000d5580000)
  object space 68608K, 69% used [0x0000000080000000,0x0000000082e74480,0x0000000084300000)
 Metaspace       used 71386K, committed 72768K, reserved 1114112K
  class space    used 8934K, committed 9536K, reserved 1048576K
}
Event: 198.752 GC heap before
{Heap before GC invocations=75 (full 3):
 PSYoungGen      total 18944K, used 18728K [0x00000000d5580000, 0x00000000d6900000, 0x0000000100000000)
  eden space 17920K, 99% used [0x00000000d5580000,0x00000000d66ffff0,0x00000000d6700000)
  from space 1024K, 78% used [0x00000000d6700000,0x00000000d67ca1d0,0x00000000d6800000)
  to   space 1024K, 0% used [0x00000000d6800000,0x00000000d6800000,0x00000000d6900000)
 ParOldGen       total 68608K, used 47569K [0x0000000080000000, 0x0000000084300000, 0x00000000d5580000)
  object space 68608K, 69% used [0x0000000080000000,0x0000000082e74480,0x0000000084300000)
 Metaspace       used 72536K, committed 74112K, reserved 1114112K
  class space    used 9069K, committed 9792K, reserved 1048576K
}
Event: 198.753 GC heap after
{Heap after GC invocations=75 (full 3):
 PSYoungGen      total 17920K, used 1024K [0x00000000d5580000, 0x00000000d6b00000, 0x0000000100000000)
  eden space 16896K, 0% used [0x00000000d5580000,0x00000000d5580000,0x00000000d6600000)
  from space 1024K, 100% used [0x00000000d6800000,0x00000000d6900000,0x00000000d6900000)
  to   space 2048K, 0% used [0x00000000d6600000,0x00000000d6600000,0x00000000d6800000)
 ParOldGen       total 68608K, used 48029K [0x0000000080000000, 0x0000000084300000, 0x00000000d5580000)
  object space 68608K, 70% used [0x0000000080000000,0x0000000082ee7520,0x0000000084300000)
 Metaspace       used 72536K, committed 74112K, reserved 1114112K
  class space    used 9069K, committed 9792K, reserved 1048576K
}
Event: 291.959 GC heap before
{Heap before GC invocations=76 (full 3):
 PSYoungGen      total 17920K, used 17920K [0x00000000d5580000, 0x00000000d6b00000, 0x0000000100000000)
  eden space 16896K, 100% used [0x00000000d5580000,0x00000000d6600000,0x00000000d6600000)
  from space 1024K, 100% used [0x00000000d6800000,0x00000000d6900000,0x00000000d6900000)
  to   space 2048K, 0% used [0x00000000d6600000,0x00000000d6600000,0x00000000d6800000)
 ParOldGen       total 68608K, used 48029K [0x0000000080000000, 0x0000000084300000, 0x00000000d5580000)
  object space 68608K, 70% used [0x0000000080000000,0x0000000082ee7520,0x0000000084300000)
 Metaspace       used 74043K, committed 75584K, reserved 1179648K
  class space    used 9225K, committed 9920K, reserved 1048576K
}
Event: 291.961 GC heap after
{Heap after GC invocations=76 (full 3):
 PSYoungGen      total 17920K, used 799K [0x00000000d5580000, 0x00000000d6900000, 0x0000000100000000)
  eden space 16896K, 0% used [0x00000000d5580000,0x00000000d5580000,0x00000000d6600000)
  from space 1024K, 78% used [0x00000000d6600000,0x00000000d66c7c18,0x00000000d6700000)
  to   space 1536K, 0% used [0x00000000d6780000,0x00000000d6780000,0x00000000d6900000)
 ParOldGen       total 68608K, used 48868K [0x0000000080000000, 0x0000000084300000, 0x00000000d5580000)
  object space 68608K, 71% used [0x0000000080000000,0x0000000082fb9128,0x0000000084300000)
 Metaspace       used 74043K, committed 75584K, reserved 1179648K
  class space    used 9225K, committed 9920K, reserved 1048576K
}
Event: 335.110 GC heap before
{Heap before GC invocations=77 (full 3):
 PSYoungGen      total 17920K, used 17695K [0x00000000d5580000, 0x00000000d6900000, 0x0000000100000000)
  eden space 16896K, 100% used [0x00000000d5580000,0x00000000d6600000,0x00000000d6600000)
  from space 1024K, 78% used [0x00000000d6600000,0x00000000d66c7c18,0x00000000d6700000)
  to   space 1536K, 0% used [0x00000000d6780000,0x00000000d6780000,0x00000000d6900000)
 ParOldGen       total 68608K, used 48868K [0x0000000080000000, 0x0000000084300000, 0x00000000d5580000)
  object space 68608K, 71% used [0x0000000080000000,0x0000000082fb9128,0x0000000084300000)
 Metaspace       used 74978K, committed 76480K, reserved 1179648K
  class space    used 9289K, committed 9984K, reserved 1048576K
}
Event: 335.111 GC heap after
{Heap after GC invocations=77 (full 3):
 PSYoungGen      total 17408K, used 480K [0x00000000d5580000, 0x00000000d6800000, 0x0000000100000000)
  eden space 16896K, 0% used [0x00000000d5580000,0x00000000d5580000,0x00000000d6600000)
  from space 512K, 93% used [0x00000000d6780000,0x00000000d67f8000,0x00000000d6800000)
  to   space 1024K, 0% used [0x00000000d6600000,0x00000000d6600000,0x00000000d6700000)
 ParOldGen       total 68608K, used 49492K [0x0000000080000000, 0x0000000084300000, 0x00000000d5580000)
  object space 68608K, 72% used [0x0000000080000000,0x00000000830551a0,0x0000000084300000)
 Metaspace       used 74978K, committed 76480K, reserved 1179648K
  class space    used 9289K, committed 9984K, reserved 1048576K
}
Event: 394.116 GC heap before
{Heap before GC invocations=78 (full 3):
 PSYoungGen      total 17408K, used 17376K [0x00000000d5580000, 0x00000000d6800000, 0x0000000100000000)
  eden space 16896K, 100% used [0x00000000d5580000,0x00000000d6600000,0x00000000d6600000)
  from space 512K, 93% used [0x00000000d6780000,0x00000000d67f8000,0x00000000d6800000)
  to   space 1024K, 0% used [0x00000000d6600000,0x00000000d6600000,0x00000000d6700000)
 ParOldGen       total 68608K, used 49492K [0x0000000080000000, 0x0000000084300000, 0x00000000d5580000)
  object space 68608K, 72% used [0x0000000080000000,0x00000000830551a0,0x0000000084300000)
 Metaspace       used 75172K, committed 76736K, reserved 1179648K
  class space    used 9296K, committed 9984K, reserved 1048576K
}
Event: 394.117 GC heap after
{Heap after GC invocations=78 (full 3):
 PSYoungGen      total 17920K, used 480K [0x00000000d5580000, 0x00000000d6800000, 0x0000000100000000)
  eden space 16896K, 0% used [0x00000000d5580000,0x00000000d5580000,0x00000000d6600000)
  from space 1024K, 46% used [0x00000000d6600000,0x00000000d6678000,0x00000000d6700000)
  to   space 512K, 0% used [0x00000000d6780000,0x00000000d6780000,0x00000000d6800000)
 ParOldGen       total 68608K, used 49684K [0x0000000080000000, 0x0000000084300000, 0x00000000d5580000)
  object space 68608K, 72% used [0x0000000080000000,0x00000000830851a0,0x0000000084300000)
 Metaspace       used 75172K, committed 76736K, reserved 1179648K
  class space    used 9296K, committed 9984K, reserved 1048576K
}
Event: 567.240 GC heap before
{Heap before GC invocations=79 (full 3):
 PSYoungGen      total 17920K, used 17376K [0x00000000d5580000, 0x00000000d6800000, 0x0000000100000000)
  eden space 16896K, 100% used [0x00000000d5580000,0x00000000d6600000,0x00000000d6600000)
  from space 1024K, 46% used [0x00000000d6600000,0x00000000d6678000,0x00000000d6700000)
  to   space 512K, 0% used [0x00000000d6780000,0x00000000d6780000,0x00000000d6800000)
 ParOldGen       total 68608K, used 49684K [0x0000000080000000, 0x0000000084300000, 0x00000000d5580000)
  object space 68608K, 72% used [0x0000000080000000,0x00000000830851a0,0x0000000084300000)
 Metaspace       used 75314K, committed 76864K, reserved 1179648K
  class space    used 9298K, committed 9984K, reserved 1048576K
}
Event: 567.241 GC heap after
{Heap after GC invocations=79 (full 3):
 PSYoungGen      total 17408K, used 480K [0x00000000d5580000, 0x00000000d6800000, 0x0000000100000000)
  eden space 16896K, 0% used [0x00000000d5580000,0x00000000d5580000,0x00000000d6600000)
  from space 512K, 93% used [0x00000000d6780000,0x00000000d67f8000,0x00000000d6800000)
  to   space 512K, 0% used [0x00000000d6700000,0x00000000d6700000,0x00000000d6780000)
 ParOldGen       total 68608K, used 49796K [0x0000000080000000, 0x0000000084300000, 0x00000000d5580000)
  object space 68608K, 72% used [0x0000000080000000,0x00000000830a11a0,0x0000000084300000)
 Metaspace       used 75314K, committed 76864K, reserved 1179648K
  class space    used 9298K, committed 9984K, reserved 1048576K
}
Event: 822.159 GC heap before
{Heap before GC invocations=80 (full 3):
 PSYoungGen      total 17408K, used 17376K [0x00000000d5580000, 0x00000000d6800000, 0x0000000100000000)
  eden space 16896K, 100% used [0x00000000d5580000,0x00000000d6600000,0x00000000d6600000)
  from space 512K, 93% used [0x00000000d6780000,0x00000000d67f8000,0x00000000d6800000)
  to   space 512K, 0% used [0x00000000d6700000,0x00000000d6700000,0x00000000d6780000)
 ParOldGen       total 68608K, used 49796K [0x0000000080000000, 0x0000000084300000, 0x00000000d5580000)
  object space 68608K, 72% used [0x0000000080000000,0x00000000830a11a0,0x0000000084300000)
 Metaspace       used 75416K, committed 76992K, reserved 1179648K
  class space    used 9299K, committed 10048K, reserved 1048576K
}
Event: 822.159 GC heap after
{Heap after GC invocations=80 (full 3):
 PSYoungGen      total 17408K, used 480K [0x00000000d5580000, 0x00000000d6800000, 0x0000000100000000)
  eden space 16896K, 0% used [0x00000000d5580000,0x00000000d5580000,0x00000000d6600000)
  from space 512K, 93% used [0x00000000d6700000,0x00000000d6778000,0x00000000d6780000)
  to   space 512K, 0% used [0x00000000d6780000,0x00000000d6780000,0x00000000d6800000)
 ParOldGen       total 68608K, used 49908K [0x0000000080000000, 0x0000000084300000, 0x00000000d5580000)
  object space 68608K, 72% used [0x0000000080000000,0x00000000830bd1a0,0x0000000084300000)
 Metaspace       used 75416K, committed 76992K, reserved 1179648K
  class space    used 9299K, committed 10048K, reserved 1048576K
}
Event: 1010.617 GC heap before
{Heap before GC invocations=81 (full 3):
 PSYoungGen      total 17408K, used 17376K [0x00000000d5580000, 0x00000000d6800000, 0x0000000100000000)
  eden space 16896K, 100% used [0x00000000d5580000,0x00000000d6600000,0x00000000d6600000)
  from space 512K, 93% used [0x00000000d6700000,0x00000000d6778000,0x00000000d6780000)
  to   space 512K, 0% used [0x00000000d6780000,0x00000000d6780000,0x00000000d6800000)
 ParOldGen       total 68608K, used 49908K [0x0000000080000000, 0x0000000084300000, 0x00000000d5580000)
  object space 68608K, 72% used [0x0000000080000000,0x00000000830bd1a0,0x0000000084300000)
 Metaspace       used 75552K, committed 77184K, reserved 1179648K
  class space    used 9310K, committed 10048K, reserved 1048576K
}
Event: 1010.617 GC heap after
{Heap after GC invocations=81 (full 3):
 PSYoungGen      total 17408K, used 480K [0x00000000d5580000, 0x00000000d6800000, 0x0000000100000000)
  eden space 16896K, 0% used [0x00000000d5580000,0x00000000d5580000,0x00000000d6600000)
  from space 512K, 93% used [0x00000000d6780000,0x00000000d67f8000,0x00000000d6800000)
  to   space 512K, 0% used [0x00000000d6700000,0x00000000d6700000,0x00000000d6780000)
 ParOldGen       total 68608K, used 49996K [0x0000000080000000, 0x0000000084300000, 0x00000000d5580000)
  object space 68608K, 72% used [0x0000000080000000,0x00000000830d31a0,0x0000000084300000)
 Metaspace       used 75552K, committed 77184K, reserved 1179648K
  class space    used 9310K, committed 10048K, reserved 1048576K
}
Event: 1022.109 GC heap before
{Heap before GC invocations=82 (full 3):
 PSYoungGen      total 17408K, used 17376K [0x00000000d5580000, 0x00000000d6800000, 0x0000000100000000)
  eden space 16896K, 100% used [0x00000000d5580000,0x00000000d6600000,0x00000000d6600000)
  from space 512K, 93% used [0x00000000d6780000,0x00000000d67f8000,0x00000000d6800000)
  to   space 512K, 0% used [0x00000000d6700000,0x00000000d6700000,0x00000000d6780000)
 ParOldGen       total 68608K, used 49996K [0x0000000080000000, 0x0000000084300000, 0x00000000d5580000)
  object space 68608K, 72% used [0x0000000080000000,0x00000000830d31a0,0x0000000084300000)
 Metaspace       used 75623K, committed 77248K, reserved 1179648K
  class space    used 9320K, committed 10048K, reserved 1048576K
}
Event: 1022.110 GC heap after
{Heap after GC invocations=82 (full 3):
 PSYoungGen      total 17408K, used 512K [0x00000000d5580000, 0x00000000d6800000, 0x0000000100000000)
  eden space 16896K, 0% used [0x00000000d5580000,0x00000000d5580000,0x00000000d6600000)
  from space 512K, 100% used [0x00000000d6700000,0x00000000d6780000,0x00000000d6780000)
  to   space 512K, 0% used [0x00000000d6780000,0x00000000d6780000,0x00000000d6800000)
 ParOldGen       total 68608K, used 50253K [0x0000000080000000, 0x0000000084300000, 0x00000000d5580000)
  object space 68608K, 73% used [0x0000000080000000,0x0000000083113780,0x0000000084300000)
 Metaspace       used 75623K, committed 77248K, reserved 1179648K
  class space    used 9320K, committed 10048K, reserved 1048576K
}
Event: 1022.349 GC heap before
{Heap before GC invocations=83 (full 3):
 PSYoungGen      total 17408K, used 17408K [0x00000000d5580000, 0x00000000d6800000, 0x0000000100000000)
  eden space 16896K, 100% used [0x00000000d5580000,0x00000000d6600000,0x00000000d6600000)
  from space 512K, 100% used [0x00000000d6700000,0x00000000d6780000,0x00000000d6780000)
  to   space 512K, 0% used [0x00000000d6780000,0x00000000d6780000,0x00000000d6800000)
 ParOldGen       total 68608K, used 50253K [0x0000000080000000, 0x0000000084300000, 0x00000000d5580000)
  object space 68608K, 73% used [0x0000000080000000,0x0000000083113780,0x0000000084300000)
 Metaspace       used 76100K, committed 77696K, reserved 1179648K
  class space    used 9396K, committed 10176K, reserved 1048576K
}
Event: 1022.350 GC heap after
{Heap after GC invocations=83 (full 3):
 PSYoungGen      total 17408K, used 512K [0x00000000d5580000, 0x00000000d6900000, 0x0000000100000000)
  eden space 16896K, 0% used [0x00000000d5580000,0x00000000d5580000,0x00000000d6600000)
  from space 512K, 100% used [0x00000000d6780000,0x00000000d6800000,0x00000000d6800000)
  to   space 1536K, 0% used [0x00000000d6600000,0x00000000d6600000,0x00000000d6780000)
 ParOldGen       total 68608K, used 50813K [0x0000000080000000, 0x0000000084300000, 0x00000000d5580000)
  object space 68608K, 74% used [0x0000000080000000,0x000000008319f780,0x0000000084300000)
 Metaspace       used 76100K, committed 77696K, reserved 1179648K
  class space    used 9396K, committed 10176K, reserved 1048576K
}

Dll operation events (15 events):
Event: 0.013 Loaded shared library c:\Users\color\.vscode\extensions\redhat.java-1.54.0-win32-x64\jre\21.0.10-win32-x86_64\bin\java.dll
Event: 0.044 Loaded shared library c:\Users\color\.vscode\extensions\redhat.java-1.54.0-win32-x64\jre\21.0.10-win32-x86_64\bin\zip.dll
Event: 0.112 Loaded shared library C:\Users\color\.vscode\extensions\redhat.java-1.54.0-win32-x64\jre\21.0.10-win32-x86_64\bin\instrument.dll
Event: 0.119 Loaded shared library C:\Users\color\.vscode\extensions\redhat.java-1.54.0-win32-x64\jre\21.0.10-win32-x86_64\bin\net.dll
Event: 0.123 Loaded shared library C:\Users\color\.vscode\extensions\redhat.java-1.54.0-win32-x64\jre\21.0.10-win32-x86_64\bin\nio.dll
Event: 0.129 Loaded shared library C:\Users\color\.vscode\extensions\redhat.java-1.54.0-win32-x64\jre\21.0.10-win32-x86_64\bin\zip.dll
Event: 0.148 Loaded shared library C:\Users\color\.vscode\extensions\redhat.java-1.54.0-win32-x64\jre\21.0.10-win32-x86_64\bin\jimage.dll
Event: 0.218 Loaded shared library c:\Users\color\.vscode\extensions\redhat.java-1.54.0-win32-x64\jre\21.0.10-win32-x86_64\bin\verify.dll
Event: 1.479 Loaded shared library C:\Users\color\AppData\Roaming\Code\User\globalStorage\redhat.java\1.54.0\config_win\org.eclipse.equinox.launcher\org.eclipse.equinox.launcher.win32.win32.x86_64_1.3.0.v20260203-2149\eclipse_11919.dll
Event: 4.523 Loaded shared library C:\Users\color\.vscode\extensions\redhat.java-1.54.0-win32-x64\jre\21.0.10-win32-x86_64\bin\management.dll
Event: 4.526 Loaded shared library C:\Users\color\.vscode\extensions\redhat.java-1.54.0-win32-x64\jre\21.0.10-win32-x86_64\bin\management_ext.dll
Event: 5.881 Loaded shared library C:\Users\color\AppData\Local\Temp\jna-94842723\jna7734194227345126224.dll
Event: 6.144 Loaded shared library C:\Users\color\.vscode\extensions\redhat.java-1.54.0-win32-x64\jre\21.0.10-win32-x86_64\bin\sunmscapi.dll
Event: 6.360 Loaded shared library C:\Users\color\.vscode\extensions\redhat.java-1.54.0-win32-x64\jre\21.0.10-win32-x86_64\bin\extnet.dll
Event: 30.575 Loaded shared library C:\Users\color\.gradle\native\660c5614fbf4a5f2a75b1949f50a0caf5cd603558e7d8a26e50b933a0cfb79d1\windows-amd64\native-platform.dll

Deoptimization events (20 events):
Event: 1022.196 Thread 0x000001937dab76f0 DEOPT PACKING pc=0x00000193264006ec sp=0x0000004e4f6fcd90
Event: 1022.196 Thread 0x000001937dab76f0 DEOPT UNPACKING pc=0x00000193254f3aa2 sp=0x0000004e4f6fcd38 mode 2
Event: 1022.196 Thread 0x000001937dab76f0 Uncommon trap: trap_request=0xffffffd6 fr.pc=0x00000193264006ec relative=0x000000000000070c
Event: 1022.196 Thread 0x000001937dab76f0 Uncommon trap: reason=array_check action=maybe_recompile pc=0x00000193264006ec method=java.util.TimSort.binarySort([Ljava/lang/Object;IIILjava/util/Comparator;)V @ 183 c2
Event: 1022.196 Thread 0x000001937dab76f0 DEOPT PACKING pc=0x00000193264006ec sp=0x0000004e4f6fcd90
Event: 1022.196 Thread 0x000001937dab76f0 DEOPT UNPACKING pc=0x00000193254f3aa2 sp=0x0000004e4f6fcd38 mode 2
Event: 1022.243 Thread 0x000001937dab76f0 Uncommon trap: trap_request=0xffffffde fr.pc=0x00000193261a2dec relative=0x000000000000036c
Event: 1022.243 Thread 0x000001937dab76f0 Uncommon trap: reason=class_check action=maybe_recompile pc=0x00000193261a2dec method=java.io.ObjectInputStream$PeekInputStream.read()I @ 23 c2
Event: 1022.243 Thread 0x000001937dab76f0 DEOPT PACKING pc=0x00000193261a2dec sp=0x0000004e4f6fd340
Event: 1022.243 Thread 0x000001937dab76f0 DEOPT UNPACKING pc=0x00000193254f3aa2 sp=0x0000004e4f6fd2c0 mode 2
Event: 1022.287 Thread 0x000001937f458720 Uncommon trap: trap_request=0xffffff54 fr.pc=0x0000019326382db8 relative=0x0000000000000078
Event: 1022.287 Thread 0x000001937f458720 Uncommon trap: reason=speculate_null_assert action=make_not_entrant pc=0x0000019326382db8 method=org.eclipse.buildship.core.internal.util.progress.RateLimitingProgressMonitor$1.run()V @ 16 c2
Event: 1022.287 Thread 0x000001937f458720 DEOPT PACKING pc=0x0000019326382db8 sp=0x0000004e542ff250
Event: 1022.287 Thread 0x000001937f458720 DEOPT UNPACKING pc=0x00000193254f3aa2 sp=0x0000004e542ff1e0 mode 2
Event: 1022.315 Thread 0x000001937f458090 DEOPT PACKING pc=0x000001931e867535 sp=0x0000004e544fe530
Event: 1022.315 Thread 0x000001937f458090 DEOPT UNPACKING pc=0x00000193254f4242 sp=0x0000004e544fda40 mode 0
Event: 1022.520 Thread 0x000001937f458db0 Uncommon trap: trap_request=0xffffff45 fr.pc=0x0000019326171cc4 relative=0x00000000000010e4
Event: 1022.520 Thread 0x000001937f458db0 Uncommon trap: reason=unstable_if action=reinterpret pc=0x0000019326171cc4 method=com.esotericsoftware.kryo.io.Input.read([BII)I @ 64 c2
Event: 1022.520 Thread 0x000001937f458db0 DEOPT PACKING pc=0x0000019326171cc4 sp=0x0000004e545fdd00
Event: 1022.520 Thread 0x000001937f458db0 DEOPT UNPACKING pc=0x00000193254f3aa2 sp=0x0000004e545fd988 mode 2

Classes loaded (20 events):
Event: 197.880 Loading class java/util/stream/Nodes$AbstractConcNode done
Event: 197.880 Loading class java/util/stream/Nodes$ConcNode done
Event: 197.898 Loading class java/util/Collections$SynchronizedRandomAccessList
Event: 197.898 Loading class java/util/Collections$SynchronizedList
Event: 197.899 Loading class java/util/Collections$SynchronizedList done
Event: 197.899 Loading class java/util/Collections$SynchronizedRandomAccessList done
Event: 197.912 Loading class java/util/concurrent/CompletableFuture$Signaller
Event: 197.913 Loading class java/util/concurrent/CompletableFuture$Signaller done
Event: 198.115 Loading class java/util/regex/PatternSyntaxException
Event: 198.115 Loading class java/util/regex/PatternSyntaxException done
Event: 198.169 Loading class java/util/ImmutableCollections$SubList
Event: 198.170 Loading class java/util/ImmutableCollections$SubList done
Event: 198.685 Loading class sun/reflect/generics/tree/IntSignature
Event: 198.685 Loading class sun/reflect/generics/tree/IntSignature done
Event: 198.767 Loading class java/io/SequenceInputStream
Event: 198.767 Loading class java/io/SequenceInputStream done
Event: 1022.098 Loading class java/io/ObjectInputStream$Caches
Event: 1022.098 Loading class java/io/ObjectInputStream$Caches done
Event: 1022.098 Loading class java/io/ObjectInputStream$Caches$1
Event: 1022.098 Loading class java/io/ObjectInputStream$Caches$1 done

Classes unloaded (10 events):
Event: 5.083 Thread 0x000001931ade4030 Unloading class 0x00000193331ad000 'java/lang/invoke/LambdaForm$MH+0x00000193331ad000'
Event: 5.083 Thread 0x000001931ade4030 Unloading class 0x00000193331acc00 'java/lang/invoke/LambdaForm$MH+0x00000193331acc00'
Event: 5.083 Thread 0x000001931ade4030 Unloading class 0x00000193331ac800 'java/lang/invoke/LambdaForm$MH+0x00000193331ac800'
Event: 5.083 Thread 0x000001931ade4030 Unloading class 0x00000193331ac400 'java/lang/invoke/LambdaForm$MH+0x00000193331ac400'
Event: 5.083 Thread 0x000001931ade4030 Unloading class 0x00000193331ac000 'java/lang/invoke/LambdaForm$BMH+0x00000193331ac000'
Event: 5.083 Thread 0x000001931ade4030 Unloading class 0x00000193331abc00 'java/lang/invoke/LambdaForm$DMH+0x00000193331abc00'
Event: 5.083 Thread 0x000001931ade4030 Unloading class 0x00000193331aac00 'java/lang/invoke/LambdaForm$DMH+0x00000193331aac00'
Event: 6.418 Thread 0x000001931ade4030 Unloading class 0x000001933333b800 'java/lang/invoke/LambdaForm$MH+0x000001933333b800'
Event: 6.418 Thread 0x000001931ade4030 Unloading class 0x000001933333ac00 'java/lang/invoke/LambdaForm$MH+0x000001933333ac00'
Event: 6.418 Thread 0x000001931ade4030 Unloading class 0x000001933333a400 'java/lang/invoke/LambdaForm$MH+0x000001933333a400'

Classes redefined (0 events):
No events

Internal exceptions (20 events):
Event: 1022.195 Thread 0x000001937dab76f0 Exception <a 'java/lang/NoSuchMethodError'{0x00000000d5dda308}: static Lorg/gradle/plugins/ide/internal/tooling/eclipse/DefaultEclipseClasspathEntry;.<clinit>()V> (0x00000000d5dda308) 
thrown [s\src\hotspot\share\prims\jni.cpp, line 1111]
Event: 1022.195 Thread 0x000001937dab76f0 Exception <a 'java/lang/NoSuchMethodError'{0x00000000d5ddbd10}: static Lorg/gradle/plugins/ide/internal/tooling/eclipse/DefaultEclipseDependency;.<clinit>()V> (0x00000000d5ddbd10) 
thrown [s\src\hotspot\share\prims\jni.cpp, line 1111]
Event: 1022.196 Thread 0x000001937dab76f0 Exception <a 'java/lang/NoSuchMethodError'{0x00000000d5dde168}: static Lorg/gradle/plugins/ide/internal/tooling/eclipse/DefaultEclipseExternalDependency;.<clinit>()V> (0x00000000d5dde168) 
thrown [s\src\hotspot\share\prims\jni.cpp, line 1111]
Event: 1022.198 Thread 0x000001937dab76f0 Exception <a 'java/lang/NoSuchMethodError'{0x00000000d5e00e68}: static Lorg/gradle/plugins/ide/internal/tooling/eclipse/DefaultClasspathAttribute;.<clinit>()V> (0x00000000d5e00e68) 
thrown [s\src\hotspot\share\prims\jni.cpp, line 1111]
Event: 1022.202 Thread 0x000001937dab76f0 Exception <a 'java/lang/NoSuchMethodError'{0x00000000d5e4ecc8}: static Ljava/lang/Object;.<clinit>()V> (0x00000000d5e4ecc8) 
thrown [s\src\hotspot\share\prims\jni.cpp, line 1111]
Event: 1022.204 Thread 0x000001937dab76f0 Exception <a 'java/lang/NoSuchMethodError'{0x00000000d5e709f0}: static Lorg/gradle/api/internal/artifacts/DefaultModuleIdentifier;.<clinit>()V> (0x00000000d5e709f0) 
thrown [s\src\hotspot\share\prims\jni.cpp, line 1111]
Event: 1022.206 Thread 0x000001937dab76f0 Exception <a 'java/lang/NoSuchMethodError'{0x00000000d5e91a58}: static Lorg/gradle/plugins/ide/internal/tooling/model/DefaultGradleModuleVersion;.<clinit>()V> (0x00000000d5e91a58) 
thrown [s\src\hotspot\share\prims\jni.cpp, line 1111]
Event: 1022.212 Thread 0x000001937dab76f0 Exception <a 'java/lang/NoSuchMethodError'{0x00000000d5f23dd8}: static Lorg/gradle/plugins/ide/internal/tooling/eclipse/DefaultEclipseClasspathContainer;.<clinit>()V> (0x00000000d5f23dd8) 
thrown [s\src\hotspot\share\prims\jni.cpp, line 1111]
Event: 1022.216 Thread 0x000001937dab76f0 Exception <a 'java/lang/NoSuchMethodError'{0x00000000d5f51260}: static Lorg/gradle/plugins/ide/internal/tooling/model/DefaultGradleProject;.<clinit>()V> (0x00000000d5f51260) 
thrown [s\src\hotspot\share\prims\jni.cpp, line 1111]
Event: 1022.217 Thread 0x000001937dab76f0 Exception <a 'java/lang/NoSuchMethodError'{0x00000000d5f66de8}: static Lorg/gradle/plugins/ide/internal/tooling/model/DefaultGradleScript;.<clinit>()V> (0x00000000d5f66de8) 
thrown [s\src\hotspot\share\prims\jni.cpp, line 1111]
Event: 1022.229 Thread 0x000001937dab76f0 Exception <a 'java/lang/NoSuchMethodError'{0x00000000d604bfb0}: static Lorg/gradle/tooling/internal/gradle/DefaultProjectIdentifier;.<clinit>()V> (0x00000000d604bfb0) 
thrown [s\src\hotspot\share\prims\jni.cpp, line 1111]
Event: 1022.230 Thread 0x000001937dab76f0 Exception <a 'java/lang/NoSuchMethodError'{0x00000000d605c168}: static Lorg/gradle/tooling/internal/gradle/DefaultBuildIdentifier;.<clinit>()V> (0x00000000d605c168) 
thrown [s\src\hotspot\share\prims\jni.cpp, line 1111]
Event: 1022.235 Thread 0x000001937dab76f0 Exception <a 'java/lang/NoSuchMethodError'{0x00000000d60a1a68}: static Lorg/gradle/plugins/ide/internal/tooling/model/LaunchableGradleTask;.<clinit>()V> (0x00000000d60a1a68) 
thrown [s\src\hotspot\share\prims\jni.cpp, line 1111]
Event: 1022.235 Thread 0x000001937dab76f0 Exception <a 'java/lang/NoSuchMethodError'{0x00000000d60a7908}: static Lorg/gradle/plugins/ide/internal/tooling/model/LaunchableGradleProjectTask;.<clinit>()V> (0x00000000d60a7908) 
thrown [s\src\hotspot\share\prims\jni.cpp, line 1111]
Event: 1022.241 Thread 0x000001937dab76f0 Exception <a 'java/lang/NoSuchMethodError'{0x00000000d6109ea0}: static Lorg/gradle/plugins/ide/internal/tooling/eclipse/DefaultEclipseJavaSourceSettings;.<clinit>()V> (0x00000000d6109ea0) 
thrown [s\src\hotspot\share\prims\jni.cpp, line 1111]
Event: 1022.243 Thread 0x000001937dab76f0 Exception <a 'java/lang/NoSuchMethodError'{0x00000000d611b2c0}: static Lorg/gradle/plugins/ide/internal/tooling/java/DefaultInstalledJdk;.<clinit>()V> (0x00000000d611b2c0) 
thrown [s\src\hotspot\share\prims\jni.cpp, line 1111]
Event: 1022.247 Thread 0x000001937dab76f0 Exception <a 'java/lang/NoSuchMethodError'{0x00000000d6140a80}: static Lorg/gradle/plugins/ide/internal/tooling/eclipse/DefaultEclipseOutputLocation;.<clinit>()V> (0x00000000d6140a80) 
thrown [s\src\hotspot\share\prims\jni.cpp, line 1111]
Event: 1022.250 Thread 0x000001937dab76f0 Exception <a 'java/lang/NoSuchMethodError'{0x00000000d615f330}: static Lorg/gradle/plugins/ide/internal/tooling/eclipse/DefaultEclipseProjectNature;.<clinit>()V> (0x00000000d615f330) 
thrown [s\src\hotspot\share\prims\jni.cpp, line 1111]
Event: 1022.251 Thread 0x000001937dab76f0 Exception <a 'java/lang/NoSuchMethodError'{0x00000000d6182498}: static Lorg/gradle/plugins/ide/internal/tooling/eclipse/DefaultEclipseSourceDirectory;.<clinit>()V> (0x00000000d6182498) 
thrown [s\src\hotspot\share\prims\jni.cpp, line 1111]
Event: 1022.254 Thread 0x000001937dab76f0 Exception <a 'java/lang/NoSuchMethodError'{0x00000000d61a4ec8}: static Lorg/gradle/plugins/ide/internal/tooling/eclipse/DefaultEclipseTask;.<clinit>()V> (0x00000000d61a4ec8) 
thrown [s\src\hotspot\share\prims\jni.cpp, line 1111]

ZGC Phase Switch (0 events):
No events

VM Operations (20 events):
Event: 1021.623 Executing safepoint VM operation: Cleanup
Event: 1021.623 Executing safepoint VM operation: Cleanup done
Event: 1022.109 Executing safepoint VM operation: ParallelGCFailedAllocation (Allocation Failure)
Event: 1022.110 Executing safepoint VM operation: ParallelGCFailedAllocation (Allocation Failure) done
Event: 1022.349 Executing safepoint VM operation: ParallelGCFailedAllocation (Allocation Failure)
Event: 1022.350 Executing safepoint VM operation: ParallelGCFailedAllocation (Allocation Failure) done
Event: 1022.361 Executing non-safepoint VM operation: HandshakeAllThreads (HandshakeForDeflation)
Event: 1022.361 Executing non-safepoint VM operation: HandshakeAllThreads (HandshakeForDeflation) done
Event: 1022.361 Executing non-safepoint VM operation: RendezvousGCThreads
Event: 1022.361 Executing non-safepoint VM operation: RendezvousGCThreads done
Event: 1023.362 Executing safepoint VM operation: Cleanup
Event: 1023.362 Executing safepoint VM operation: Cleanup done
Event: 1024.363 Executing safepoint VM operation: Cleanup
Event: 1024.363 Executing safepoint VM operation: Cleanup done
Event: 1028.366 Executing safepoint VM operation: Cleanup
Event: 1028.366 Executing safepoint VM operation: Cleanup done
Event: 1036.369 Executing safepoint VM operation: Cleanup
Event: 1036.370 Executing safepoint VM operation: Cleanup done
Event: 1045.375 Executing safepoint VM operation: Cleanup
Event: 1045.375 Executing safepoint VM operation: Cleanup done

Memory protections (0 events):
No events

Nmethod flushes (20 events):
Event: 32.041 Thread 0x000001931ade4030 flushing  nmethod 0x000001931e969990
Event: 32.041 Thread 0x000001931ade4030 flushing  nmethod 0x000001931e96a590
Event: 32.041 Thread 0x000001931ade4030 flushing  nmethod 0x000001931e96ab90
Event: 32.041 Thread 0x000001931ade4030 flushing  nmethod 0x000001931e96bb10
Event: 32.041 Thread 0x000001931ade4030 flushing  nmethod 0x000001931e96c390
Event: 32.041 Thread 0x000001931ade4030 flushing  nmethod 0x000001931e96c710
Event: 32.041 Thread 0x000001931ade4030 flushing  nmethod 0x000001931e96e190
Event: 32.041 Thread 0x000001931ade4030 flushing  nmethod 0x000001931e978090
Event: 32.041 Thread 0x000001931ade4030 flushing  nmethod 0x000001931e994490
Event: 32.041 Thread 0x000001931ade4030 flushing  nmethod 0x000001931e9c3390
Event: 32.041 Thread 0x000001931ade4030 flushing  nmethod 0x000001931e9c9990
Event: 32.041 Thread 0x000001931ade4030 flushing  nmethod 0x000001931e9cd390
Event: 32.041 Thread 0x000001931ade4030 flushing  nmethod 0x000001931e9da490
Event: 32.041 Thread 0x000001931ade4030 flushing  nmethod 0x000001931e9fff10
Event: 32.041 Thread 0x000001931ade4030 flushing  nmethod 0x000001931ea43a90
Event: 32.041 Thread 0x000001931ade4030 flushing  nmethod 0x000001931ea47b10
Event: 32.041 Thread 0x000001931ade4030 flushing  nmethod 0x000001931ea47f10
Event: 32.041 Thread 0x000001931ade4030 flushing  nmethod 0x000001931ea5fa10
Event: 32.041 Thread 0x000001931ade4030 flushing  nmethod 0x000001931ea6ac90
Event: 32.042 Thread 0x000001931ade4030 flushing  nmethod 0x000001931ea7a910

Events (20 events):
Event: 1022.047 Thread 0x000001937dab76f0 Thread added: 0x000001937f457a00
Event: 1022.097 Thread 0x000001937f457a00 Thread exited: 0x000001937f457a00
Event: 1022.097 Thread 0x000001937dab5cb0 Thread exited: 0x000001937dab5cb0
Event: 1022.208 Thread 0x000001931af01fc0 Thread added: 0x000001937b2d0ee0
Event: 1022.210 Thread 0x0000019373caa5d0 Thread added: 0x000001937e786500
Event: 1022.254 Thread 0x000001931af01fc0 Thread added: 0x000001937e788710
Event: 1022.259 Thread 0x000001937dab76f0 Thread exited: 0x000001937dab76f0
Event: 1022.266 Thread 0x000001937ac53440 Thread added: 0x000001937f456650
Event: 1022.267 Thread 0x000001937ac53440 Thread added: 0x000001937f458090
Event: 1022.286 Thread 0x000001937f458090 Thread exited: 0x000001937f458090
Event: 1022.287 Thread 0x000001937ac53440 Thread added: 0x000001937f458720
Event: 1022.312 Thread 0x000001937ac53440 Thread added: 0x000001937f457a00
Event: 1022.313 Thread 0x000001937ac53440 Thread added: 0x000001937f458090
Event: 1022.328 Thread 0x000001937f458090 Thread exited: 0x000001937f458090
Event: 1022.329 Thread 0x000001937ac53440 Thread added: 0x000001937f458090
Event: 1022.330 Thread 0x000001937ac53440 Thread added: 0x000001937f458db0
Event: 1022.354 Thread 0x000001937f458db0 Thread added: 0x000001937dab7060
Event: 1022.456 Thread 0x000001937e786500 Thread exited: 0x000001937e786500
Event: 1022.482 Thread 0x000001937b2d0ee0 Thread exited: 0x000001937b2d0ee0
Event: 1022.878 Thread 0x000001937e788710 Thread exited: 0x000001937e788710


Dynamic libraries:
0x00007ff6478c0000 - 0x00007ff6478ce000 	c:\Users\color\.vscode\extensions\redhat.java-1.54.0-win32-x64\jre\21.0.10-win32-x86_64\bin\java.exe
0x00007ffcdd680000 - 0x00007ffcdd8e7000 	C:\WINDOWS\SYSTEM32\ntdll.dll
0x00007ffcdbaa0000 - 0x00007ffcdbb69000 	C:\WINDOWS\System32\KERNEL32.DLL
0x00007ffcda0a0000 - 0x00007ffcda494000 	C:\WINDOWS\System32\KERNELBASE.dll
0x00007ffcd9f50000 - 0x00007ffcda09b000 	C:\WINDOWS\System32\ucrtbase.dll
0x00007ffcb1e20000 - 0x00007ffcb1e38000 	c:\Users\color\.vscode\extensions\redhat.java-1.54.0-win32-x64\jre\21.0.10-win32-x86_64\bin\jli.dll
0x00007ffcd1620000 - 0x00007ffcd163e000 	c:\Users\color\.vscode\extensions\redhat.java-1.54.0-win32-x64\jre\21.0.10-win32-x86_64\bin\VCRUNTIME140.dll
0x00007ffcdc180000 - 0x00007ffcdc345000 	C:\WINDOWS\System32\USER32.dll
0x00007ffcda680000 - 0x00007ffcda6a7000 	C:\WINDOWS\System32\win32u.dll
0x00007ffcdb900000 - 0x00007ffcdb92b000 	C:\WINDOWS\System32\GDI32.dll
0x00007ffcb47e0000 - 0x00007ffcb4a73000 	C:\WINDOWS\WinSxS\amd64_microsoft.windows.common-controls_6595b64144ccf1df_6.0.26100.8115_none_3e075c82e3354f9c\COMCTL32.dll
0x00007ffcda550000 - 0x00007ffcda67b000 	C:\WINDOWS\System32\gdi32full.dll
0x00007ffcdb360000 - 0x00007ffcdb403000 	C:\WINDOWS\System32\msvcp_win.dll
0x00007ffcdbeb0000 - 0x00007ffcdbf59000 	C:\WINDOWS\System32\msvcrt.dll
0x00007ffcdb930000 - 0x00007ffcdb962000 	C:\WINDOWS\System32\IMM32.DLL
0x00007ffcc1ba0000 - 0x00007ffcc1bac000 	c:\Users\color\.vscode\extensions\redhat.java-1.54.0-win32-x64\jre\21.0.10-win32-x86_64\bin\vcruntime140_1.dll
0x00007ffc9f880000 - 0x00007ffc9f90d000 	c:\Users\color\.vscode\extensions\redhat.java-1.54.0-win32-x64\jre\21.0.10-win32-x86_64\bin\msvcp140.dll
0x00007ffb92170000 - 0x00007ffb92f11000 	c:\Users\color\.vscode\extensions\redhat.java-1.54.0-win32-x64\jre\21.0.10-win32-x86_64\bin\server\jvm.dll
0x00007ffcdb9e0000 - 0x00007ffcdba96000 	C:\WINDOWS\System32\ADVAPI32.dll
0x00007ffcdd590000 - 0x00007ffcdd637000 	C:\WINDOWS\System32\sechost.dll
0x00007ffcdb7e0000 - 0x00007ffcdb8f8000 	C:\WINDOWS\System32\RPCRT4.dll
0x00007ffcdb570000 - 0x00007ffcdb5f0000 	C:\WINDOWS\System32\WS2_32.dll
0x00007ffcd9db0000 - 0x00007ffcd9e0e000 	C:\WINDOWS\SYSTEM32\POWRPROF.dll
0x00007ffccf4f0000 - 0x00007ffccf526000 	C:\WINDOWS\SYSTEM32\WINMM.dll
0x00007ffcd2120000 - 0x00007ffcd212b000 	C:\WINDOWS\SYSTEM32\VERSION.dll
0x00007ffcd9d90000 - 0x00007ffcd9da4000 	C:\WINDOWS\SYSTEM32\UMPDC.dll
0x00007ffcd8c70000 - 0x00007ffcd8c8b000 	C:\WINDOWS\SYSTEM32\kernel.appcore.dll
0x00007ffcbe3f0000 - 0x00007ffcbe3fa000 	c:\Users\color\.vscode\extensions\redhat.java-1.54.0-win32-x64\jre\21.0.10-win32-x86_64\bin\jimage.dll
0x00007ffcd79d0000 - 0x00007ffcd7c12000 	C:\WINDOWS\SYSTEM32\DBGHELP.DLL
0x00007ffcdd120000 - 0x00007ffcdd4a2000 	C:\WINDOWS\System32\combase.dll
0x00007ffcdbdc0000 - 0x00007ffcdbe98000 	C:\WINDOWS\System32\OLEAUT32.dll
0x00007ffcb6b90000 - 0x00007ffcb6bcb000 	C:\WINDOWS\SYSTEM32\dbgcore.DLL
0x00007ffcda4a0000 - 0x00007ffcda545000 	C:\WINDOWS\System32\bcryptPrimitives.dll
0x00007ffcbe0e0000 - 0x00007ffcbe0ef000 	c:\Users\color\.vscode\extensions\redhat.java-1.54.0-win32-x64\jre\21.0.10-win32-x86_64\bin\instrument.dll
0x00007ffcb1920000 - 0x00007ffcb1940000 	c:\Users\color\.vscode\extensions\redhat.java-1.54.0-win32-x64\jre\21.0.10-win32-x86_64\bin\java.dll
0x00007ffcdc350000 - 0x00007ffcdcab7000 	C:\WINDOWS\System32\SHELL32.dll
0x00007ffcdb070000 - 0x00007ffcdb1da000 	C:\WINDOWS\System32\wintypes.dll
0x00007ffcda6b0000 - 0x00007ffcdaf18000 	C:\WINDOWS\System32\windows.storage.dll
0x00007ffcdb410000 - 0x00007ffcdb508000 	C:\WINDOWS\System32\SHCORE.dll
0x00007ffcdb970000 - 0x00007ffcdb9d6000 	C:\WINDOWS\System32\shlwapi.dll
0x00007ffcd9e70000 - 0x00007ffcd9e99000 	C:\WINDOWS\SYSTEM32\profapi.dll
0x00007ffcb1900000 - 0x00007ffcb1918000 	c:\Users\color\.vscode\extensions\redhat.java-1.54.0-win32-x64\jre\21.0.10-win32-x86_64\bin\zip.dll
0x00007ffcbd9d0000 - 0x00007ffcbd9e0000 	C:\Users\color\.vscode\extensions\redhat.java-1.54.0-win32-x64\jre\21.0.10-win32-x86_64\bin\net.dll
0x00007ffcd2e30000 - 0x00007ffcd2f5d000 	C:\WINDOWS\SYSTEM32\WINHTTP.dll
0x00007ffcd91f0000 - 0x00007ffcd925c000 	C:\WINDOWS\system32\mswsock.dll
0x00007ffcb18e0000 - 0x00007ffcb18f6000 	C:\Users\color\.vscode\extensions\redhat.java-1.54.0-win32-x64\jre\21.0.10-win32-x86_64\bin\nio.dll
0x00007ffcbd890000 - 0x00007ffcbd8a0000 	c:\Users\color\.vscode\extensions\redhat.java-1.54.0-win32-x64\jre\21.0.10-win32-x86_64\bin\verify.dll
0x00007ffcbd960000 - 0x00007ffcbd9a5000 	C:\Users\color\AppData\Roaming\Code\User\globalStorage\redhat.java\1.54.0\config_win\org.eclipse.equinox.launcher\org.eclipse.equinox.launcher.win32.win32.x86_64_1.3.0.v20260203-2149\eclipse_11919.dll
0x00007ffcdcac0000 - 0x00007ffcdcc57000 	C:\WINDOWS\System32\ole32.dll
0x00007ffcb7810000 - 0x00007ffcb781a000 	C:\Users\color\.vscode\extensions\redhat.java-1.54.0-win32-x64\jre\21.0.10-win32-x86_64\bin\management.dll
0x00007ffcb6ee0000 - 0x00007ffcb6eec000 	C:\Users\color\.vscode\extensions\redhat.java-1.54.0-win32-x64\jre\21.0.10-win32-x86_64\bin\management_ext.dll
0x00007ffcdbea0000 - 0x00007ffcdbea8000 	C:\WINDOWS\System32\PSAPI.DLL
0x00007ffcd95f0000 - 0x00007ffcd960b000 	C:\WINDOWS\SYSTEM32\CRYPTSP.dll
0x00007ffcd8bd0000 - 0x00007ffcd8c09000 	C:\WINDOWS\system32\rsaenh.dll
0x00007ffcd92a0000 - 0x00007ffcd92d3000 	C:\WINDOWS\SYSTEM32\USERENV.dll
0x00007ffcd9e40000 - 0x00007ffcd9e6a000 	C:\WINDOWS\SYSTEM32\bcrypt.dll
0x00007ffcd9450000 - 0x00007ffcd945c000 	C:\WINDOWS\SYSTEM32\CRYPTBASE.dll
0x00007ffcd8650000 - 0x00007ffcd8682000 	C:\WINDOWS\SYSTEM32\IPHLPAPI.DLL
0x00007ffcdbb70000 - 0x00007ffcdbb7a000 	C:\WINDOWS\System32\NSI.dll
0x00007ffcb44d0000 - 0x00007ffcb4519000 	C:\Users\color\AppData\Local\Temp\jna-94842723\jna7734194227345126224.dll
0x00007ffcd31a0000 - 0x00007ffcd31bd000 	C:\WINDOWS\SYSTEM32\dhcpcsvc6.DLL
0x00007ffcd3170000 - 0x00007ffcd3195000 	C:\WINDOWS\SYSTEM32\dhcpcsvc.DLL
0x00007ffcd6700000 - 0x00007ffcd670e000 	C:\Users\color\.vscode\extensions\redhat.java-1.54.0-win32-x64\jre\21.0.10-win32-x86_64\bin\sunmscapi.dll
0x00007ffcdb1e0000 - 0x00007ffcdb357000 	C:\WINDOWS\System32\CRYPT32.dll
0x00007ffcd9750000 - 0x00007ffcd9780000 	C:\WINDOWS\SYSTEM32\ncrypt.dll
0x00007ffcd9700000 - 0x00007ffcd973f000 	C:\WINDOWS\SYSTEM32\NTASN1.dll
0x00007ffcd17b0000 - 0x00007ffcd17b9000 	C:\Users\color\.vscode\extensions\redhat.java-1.54.0-win32-x64\jre\21.0.10-win32-x86_64\bin\extnet.dll
0x00007ffcd1640000 - 0x00007ffcd1667000 	C:\Users\color\.gradle\native\660c5614fbf4a5f2a75b1949f50a0caf5cd603558e7d8a26e50b933a0cfb79d1\windows-amd64\native-platform.dll
0x00007ffcbf890000 - 0x00007ffcbf898000 	C:\WINDOWS\system32\wshunix.dll

JVMTI agents:
c:\Users\color\.vscode\extensions\redhat.java-1.54.0-win32-x64\lombok\lombok-1.18.39-4050.jar path:c:\Users\color\.vscode\extensions\redhat.java-1.54.0-win32-x64\jre\21.0.10-win32-x86_64\bin\instrument.dll, loaded, initialized, instrumentlib options:none

dbghelp: loaded successfully - version: 4.0.5 - missing functions: none
symbol engine: initialized successfully - sym options: 0x614 - pdb path: .;c:\Users\color\.vscode\extensions\redhat.java-1.54.0-win32-x64\jre\21.0.10-win32-x86_64\bin;C:\WINDOWS\SYSTEM32;C:\WINDOWS\WinSxS\amd64_microsoft.windows.common-controls_6595b64144ccf1df_6.0.26100.8115_none_3e075c82e3354f9c;c:\Users\color\.vscode\extensions\redhat.java-1.54.0-win32-x64\jre\21.0.10-win32-x86_64\bin\server;C:\Users\color\AppData\Roaming\Code\User\globalStorage\redhat.java\1.54.0\config_win\org.eclipse.equinox.launcher\org.eclipse.equinox.launcher.win32.win32.x86_64_1.3.0.v20260203-2149;C:\Users\color\AppData\Local\Temp\jna-94842723;C:\Users\color\.gradle\native\660c5614fbf4a5f2a75b1949f50a0caf5cd603558e7d8a26e50b933a0cfb79d1\windows-amd64

VM Arguments:
jvm_args: --add-modules=ALL-SYSTEM --add-opens=java.base/java.util=ALL-UNNAMED --add-opens=java.base/java.lang=ALL-UNNAMED --add-opens=java.base/sun.nio.fs=ALL-UNNAMED -Declipse.application=org.eclipse.jdt.ls.core.id1 -Dosgi.bundles.defaultStartLevel=4 -Declipse.product=org.eclipse.jdt.ls.core.product -Djava.import.generatesMetadataFilesAtProjectRoot=false -DDetectVMInstallationsJob.disabled=true -Dfile.encoding=utf8 -XX:+UseParallelGC -XX:GCTimeRatio=4 -XX:AdaptiveSizePolicyWeight=90 -Dsun.zip.disableMemoryMapping=true -Xmx2G -Xms100m -Xlog:disable -javaagent:c:\Users\color\.vscode\extensions\redhat.java-1.54.0-win32-x64\lombok\lombok-1.18.39-4050.jar -XX:+HeapDumpOnOutOfMemoryError -XX:HeapDumpPath=c:\Users\color\AppData\Roaming\Code\User\workspaceStorage\f60360c5f82e62ff286b7a6290adeb63\redhat.java -Daether.dependencyCollector.impl=bf 
java_command: c:\Users\color\.vscode\extensions\redhat.java-1.54.0-win32-x64\server\plugins\org.eclipse.equinox.launcher_1.7.100.v20251111-0406.jar -configuration c:\Users\color\AppData\Roaming\Code\User\globalStorage\redhat.java\1.54.0\config_win -data c:\Users\color\AppData\Roaming\Code\User\workspaceStorage\f60360c5f82e62ff286b7a6290adeb63\redhat.java\jdt_ws --pipe=\\.\pipe\lsp-d0ae2153d87ddce09e3e7247a31b398d-sock
java_class_path (initial): c:\Users\color\.vscode\extensions\redhat.java-1.54.0-win32-x64\server\plugins\org.eclipse.equinox.launcher_1.7.100.v20251111-0406.jar
Launcher Type: SUN_STANDARD

[Global flags]
    uintx AdaptiveSizePolicyWeight                 = 90                                        {product} {command line}
     intx CICompilerCount                          = 12                                        {product} {ergonomic}
    uintx GCTimeRatio                              = 4                                         {product} {command line}
     bool HeapDumpOnOutOfMemoryError               = true                                   {manageable} {command line}
    ccstr HeapDumpPath                             = c:\Users\color\AppData\Roaming\Code\User\workspaceStorage\f60360c5f82e62ff286b7a6290adeb63\redhat.java         {manageable} {command line}
   size_t InitialHeapSize                          = 104857600                                 {product} {command line}
   size_t MaxHeapSize                              = 2147483648                                {product} {command line}
   size_t MaxNewSize                               = 715653120                                 {product} {ergonomic}
   size_t MinHeapDeltaBytes                        = 524288                                    {product} {ergonomic}
   size_t MinHeapSize                              = 104857600                                 {product} {command line}
   size_t NewSize                                  = 34603008                                  {product} {ergonomic}
    uintx NonNMethodCodeHeapSize                   = 7602480                                {pd product} {ergonomic}
    uintx NonProfiledCodeHeapSize                  = 122027880                              {pd product} {ergonomic}
   size_t OldSize                                  = 70254592                                  {product} {ergonomic}
    uintx ProfiledCodeHeapSize                     = 122027880                              {pd product} {ergonomic}
    uintx ReservedCodeCacheSize                    = 251658240                              {pd product} {ergonomic}
     bool SegmentedCodeCache                       = true                                      {product} {ergonomic}
   size_t SoftMaxHeapSize                          = 2147483648                             {manageable} {ergonomic}
     bool UseCompressedOops                        = true                           {product lp64_product} {ergonomic}
     bool UseLargePagesIndividualAllocation        = false                                  {pd product} {ergonomic}
     bool UseParallelGC                            = true                                      {product} {command line}

Logging:
Log output configuration:
 #0: stdout all=off uptime,level,tags foldmultilines=false
 #1: stderr all=off uptime,level,tags foldmultilines=false

Release file:
JAVA_VERSION="21.0.10" 
MODULES="java.base java.compiler java.datatransfer java.xml java.prefs java.desktop java.instrument java.logging java.management java.security.sasl java.naming java.rmi java.management.rmi java.net.http java.scripting java.security.jgss java.transaction.xa java.sql java.sql.rowset java.xml.crypto java.se java.smartcardio jdk.accessibility jdk.internal.jvmstat jdk.attach jdk.charsets jdk.internal.opt jdk.zipfs jdk.compiler jdk.crypto.ec jdk.crypto.cryptoki jdk.crypto.mscapi jdk.dynalink jdk.internal.ed jdk.editpad jdk.hotspot.agent jdk.httpserver jdk.internal.le jdk.internal.vm.ci jdk.internal.vm.compiler jdk.internal.vm.compiler.management jdk.jartool jdk.javadoc jdk.jcmd jdk.management jdk.management.agent jdk.jconsole jdk.jdeps jdk.jdwp.agent jdk.jdi jdk.jfr jdk.jshell jdk.jsobject jdk.jstatd jdk.localedata jdk.management.jfr jdk.naming.dns jdk.naming.rmi jdk.net jdk.nio.mapmode jdk.random jdk.sctp jdk.security.auth jdk.security.jgss jdk.unsupported jdk.unsupported.desktop jdk.xml.dom" 

Environment Variables:
PATH=D:\Microsoft VS Code;C:\Program Files\Java\jdkmicrosoft21\bin;D:\Program Files\bin\;C:\Program Files\Python311\Scripts\;C:\Program Files\Python311\;C:\Program Files\Common Files\Oracle\Java\javapath;D:\Program Files\bin;C:\ProgramData\Oracle\Java\javapath;C:\Windows\system32;C:\Windows;C:\Windows\System32\Wbem;C:\Windows\System32\WindowsPowerShell\v1.0\;C:\Windows\System32\OpenSSH\;C:\WINDOWS\system32;C:\WINDOWS;C:\WINDOWS\System32\Wbem;C:\WINDOWS\System32\WindowsPowerShell\v1.0\;C:\WINDOWS\System32\OpenSSH\;D:\Program Files\Git\cmd;C:\Program Files\NVIDIA Corporation\NVIDIA app\NvDLISR;C:\Program Files\Tailscale\;C:\Program Files\dotnet\;C:\Program Files (x86)\NVIDIA Corporation\PhysX\Common;D:\Program Files\;C:\Users\color\Desktop\gmapiserver\lib\ffmpeg\bin;C:\Users\color\.local\bin;C:\Users\color\AppData\Local\Microsoft\WindowsApps;C:\ProgramData\color\GitHubDesktop\bin;D:\Microsoft VS Code\bin;D:\Program Files;C:\Users\color\.dotnet\tools;C:\Users\color\AppData\Roaming\npm
USERNAME=color
OS=Windows_NT
PROCESSOR_IDENTIFIER=Intel64 Family 6 Model 154 Stepping 3, GenuineIntel
TMP=C:\Users\color\AppData\Local\Temp
TEMP=C:\Users\color\AppData\Local\Temp




Periodic native trim disabled

---------------  S Y S T E M  ---------------

OS:
 Windows 11 , 64 bit Build 26100 (10.0.26100.8246)
OS uptime: 6 days 10:07 hours
Hyper-V role detected

CPU: total 20 (initial active 20) (10 cores per cpu, 2 threads per core) family 6 model 154 stepping 3 microcode 0x414, cx8, cmov, fxsr, ht, mmx, 3dnowpref, sse, sse2, sse3, ssse3, sse4.1, sse4.2, popcnt, lzcnt, tsc, tscinvbit, avx, avx2, aes, erms, clmul, bmi1, bmi2, adx, sha, fma, vzeroupper, clflush, clflushopt, clwb, hv, serialize, rdtscp, rdpid, fsrm, f16c, cet_ibt, cet_ss
Processor Information for processor 0
  Max Mhz: 2300, Current Mhz: 2300, Mhz Limit: 2300
Processor Information for processor 1
  Max Mhz: 2300, Current Mhz: 2300, Mhz Limit: 2300
Processor Information for processor 2
  Max Mhz: 2300, Current Mhz: 2300, Mhz Limit: 2300
Processor Information for processor 3
  Max Mhz: 2300, Current Mhz: 2300, Mhz Limit: 2300
Processor Information for processor 4
  Max Mhz: 2300, Current Mhz: 2300, Mhz Limit: 2300
Processor Information for processor 5
  Max Mhz: 2300, Current Mhz: 2300, Mhz Limit: 2300
Processor Information for processor 6
  Max Mhz: 2300, Current Mhz: 2300, Mhz Limit: 2300
Processor Information for processor 7
  Max Mhz: 2300, Current Mhz: 2300, Mhz Limit: 2300
Processor Information for processor 8
  Max Mhz: 2300, Current Mhz: 2300, Mhz Limit: 2300
Processor Information for processor 9
  Max Mhz: 2300, Current Mhz: 2300, Mhz Limit: 2300
Processor Information for processor 10
  Max Mhz: 2300, Current Mhz: 2300, Mhz Limit: 2300
Processor Information for processor 11
  Max Mhz: 2300, Current Mhz: 2300, Mhz Limit: 2300
Processor Information for processor 12
  Max Mhz: 2300, Current Mhz: 1700, Mhz Limit: 1679
Processor Information for processor 13
  Max Mhz: 2300, Current Mhz: 1700, Mhz Limit: 1679
Processor Information for processor 14
  Max Mhz: 2300, Current Mhz: 1700, Mhz Limit: 1679
Processor Information for processor 15
  Max Mhz: 2300, Current Mhz: 1700, Mhz Limit: 1679
Processor Information for processor 16
  Max Mhz: 2300, Current Mhz: 1700, Mhz Limit: 1679
Processor Information for processor 17
  Max Mhz: 2300, Current Mhz: 1700, Mhz Limit: 1679
Processor Information for processor 18
  Max Mhz: 2300, Current Mhz: 1700, Mhz Limit: 1679
Processor Information for processor 19
  Max Mhz: 2300, Current Mhz: 1700, Mhz Limit: 1679

Memory: 4k page, system-wide physical 16128M (641M free)
TotalPageFile size 32128M (AvailPageFile size 46M)
current process WorkingSet (physical memory assigned to process): 185M, peak: 323M
current process commit charge ("private bytes"): 434M, peak: 441M

vm_info: OpenJDK 64-Bit Server VM (21.0.10+7-LTS) for windows-amd64 JRE (21.0.10+7-LTS), built on 2026-01-20T00:00:00Z by "admin" with MS VC++ 17.12 (VS2022)

END.
